find_executable: checking for pg_config... -------------------- yes

--------------------

"/usr/bin/clang -o conftest -I/Users/dceballos/.rvm/rubies/ruby-2.0.0-p0/include/ruby-2.0.0/x86_64-darwin12.4.0 -I/Users/dceballos/.rvm/rubies/ruby-2.0.0-p0/include/ruby-2.0.0/ruby/backward -I/Users/dceballos/.rvm/rubies/ruby-2.0.0-p0/include/ruby-2.0.0 -I. -I/usr/local/Cellar/postgresql/9.1.3/include -D_XOPEN_SOURCE -D_DARWIN_C_SOURCE -D_DARWIN_UNLIMITED_SELECT -D_REENTRANT -I/usr/local/opt/libyaml/include -I/usr/local/opt/readline/include -I/usr/local/opt/libksba/include -I/usr/local/opt/openssl/include    -O3 -fno-fast-math -ggdb3 -Wall -Wextra -Wno-unused-parameter -Wno-parentheses -Wno-long-long -Wno-missing-field-initializers -Wunused-variable -Wpointer-arith -Wwrite-strings -Wdeclaration-after-statement -Wshorten-64-to-32 -Wimplicit-function-declaration  -fno-common -pipe conftest.c  -L. -L/Users/dceballos/.rvm/rubies/ruby-2.0.0-p0/lib -L/usr/local/Cellar/postgresql/9.1.3/lib -L/usr/local/opt/libyaml/lib -L/usr/local/opt/readline/lib -L/usr/local/opt/libksba/lib -L/usr/local/opt/openssl/lib -L. -fstack-protector -L/usr/local/lib -L/usr/local/opt/libyaml/lib -L/usr/local/opt/readline/lib -L/usr/local/opt/libksba/lib -L/usr/local/opt/openssl/lib      -lruby.2.0.0  -lpthread -ldl -lobjc "
checked program was:
/* begin */
1: #include "ruby.h"
2: 
3: int main(void) {return 0;}
/* end */

"/usr/bin/clang -o conftest -I/Users/dceballos/.rvm/rubies/ruby-2.0.0-p0/include/ruby-2.0.0/x86_64-darwin12.4.0 -I/Users/dceballos/.rvm/rubies/ruby-2.0.0-p0/include/ruby-2.0.0/ruby/backward -I/Users/dceballos/.rvm/rubies/ruby-2.0.0-p0/include/ruby-2.0.0 -I. -I/usr/local/Cellar/postgresql/9.1.3/include -D_XOPEN_SOURCE -D_DARWIN_C_SOURCE -D_DARWIN_UNLIMITED_SELECT -D_REENTRANT -I/usr/local/opt/libyaml/include -I/usr/local/opt/readline/include -I/usr/local/opt/libksba/include -I/usr/local/opt/openssl/include    -O3 -fno-fast-math -ggdb3 -Wall -Wextra -Wno-unused-parameter -Wno-parentheses -Wno-long-long -Wno-missing-field-initializers -Wunused-variable -Wpointer-arith -Wwrite-strings -Wdeclaration-after-statement -Wshorten-64-to-32 -Wimplicit-function-declaration  -fno-common -pipe conftest.c  -L. -L/Users/dceballos/.rvm/rubies/ruby-2.0.0-p0/lib -L/usr/local/Cellar/postgresql/9.1.3/lib -L/usr/local/opt/libyaml/lib -L/usr/local/opt/readline/lib -L/usr/local/opt/libksba/lib -L/usr/local/opt/openssl/lib -L. -fstack-protector -L/usr/local/lib -L/usr/local/opt/libyaml/lib -L/usr/local/opt/readline/lib -L/usr/local/opt/libksba/lib -L/usr/local/opt/openssl/lib      -lruby.2.0.0  -Wl,-rpath,/usr/local/Cellar/postgresql/9.1.3/lib -lpthread -ldl -lobjc "
checked program was:
/* begin */
1: #include "ruby.h"
2: 
3: int main() {return 0;}
/* end */

find_header: checking for libpq-fe.h... -------------------- yes

"/usr/bin/clang -E -I/Users/dceballos/.rvm/rubies/ruby-2.0.0-p0/include/ruby-2.0.0/x86_64-darwin12.4.0 -I/Users/dceballos/.rvm/rubies/ruby-2.0.0-p0/include/ruby-2.0.0/ruby/backward -I/Users/dceballos/.rvm/rubies/ruby-2.0.0-p0/include/ruby-2.0.0 -I. -I/usr/local/Cellar/postgresql/9.1.3/include -D_XOPEN_SOURCE -D_DARWIN_C_SOURCE -D_DARWIN_UNLIMITED_SELECT -D_REENTRANT -I/usr/local/opt/libyaml/include -I/usr/local/opt/readline/include -I/usr/local/opt/libksba/include -I/usr/local/opt/openssl/include    -O3 -fno-fast-math -ggdb3 -Wall -Wextra -Wno-unused-parameter -Wno-parentheses -Wno-long-long -Wno-missing-field-initializers -Wunused-variable -Wpointer-arith -Wwrite-strings -Wdeclaration-after-statement -Wshorten-64-to-32 -Wimplicit-function-declaration  -fno-common -pipe  conftest.c -o conftest.i"
checked program was:
/* begin */
1: #include "ruby.h"
2: 
3: #include <libpq-fe.h>
/* end */

--------------------

find_header: checking for libpq/libpq-fs.h... -------------------- yes

"/usr/bin/clang -E -I/Users/dceballos/.rvm/rubies/ruby-2.0.0-p0/include/ruby-2.0.0/x86_64-darwin12.4.0 -I/Users/dceballos/.rvm/rubies/ruby-2.0.0-p0/include/ruby-2.0.0/ruby/backward -I/Users/dceballos/.rvm/rubies/ruby-2.0.0-p0/include/ruby-2.0.0 -I. -I/usr/local/Cellar/postgresql/9.1.3/include -D_XOPEN_SOURCE -D_DARWIN_C_SOURCE -D_DARWIN_UNLIMITED_SELECT -D_REENTRANT -I/usr/local/opt/libyaml/include -I/usr/local/opt/readline/include -I/usr/local/opt/libksba/include -I/usr/local/opt/openssl/include    -O3 -fno-fast-math -ggdb3 -Wall -Wextra -Wno-unused-parameter -Wno-parentheses -Wno-long-long -Wno-missing-field-initializers -Wunused-variable -Wpointer-arith -Wwrite-strings -Wdeclaration-after-statement -Wshorten-64-to-32 -Wimplicit-function-declaration  -fno-common -pipe  conftest.c -o conftest.i"
checked program was:
/* begin */
1: #include "ruby.h"
2: 
3: #include <libpq/libpq-fs.h>
/* end */

--------------------

find_header: checking for pg_config_manual.h... -------------------- yes

"/usr/bin/clang -E -I/Users/dceballos/.rvm/rubies/ruby-2.0.0-p0/include/ruby-2.0.0/x86_64-darwin12.4.0 -I/Users/dceballos/.rvm/rubies/ruby-2.0.0-p0/include/ruby-2.0.0/ruby/backward -I/Users/dceballos/.rvm/rubies/ruby-2.0.0-p0/include/ruby-2.0.0 -I. -I/usr/local/Cellar/postgresql/9.1.3/include -D_XOPEN_SOURCE -D_DARWIN_C_SOURCE -D_DARWIN_UNLIMITED_SELECT -D_REENTRANT -I/usr/local/opt/libyaml/include -I/usr/local/opt/readline/include -I/usr/local/opt/libksba/include -I/usr/local/opt/openssl/include    -O3 -fno-fast-math -ggdb3 -Wall -Wextra -Wno-unused-parameter -Wno-parentheses -Wno-long-long -Wno-missing-field-initializers -Wunused-variable -Wpointer-arith -Wwrite-strings -Wdeclaration-after-statement -Wshorten-64-to-32 -Wimplicit-function-declaration  -fno-common -pipe  conftest.c -o conftest.i"
checked program was:
/* begin */
1: #include "ruby.h"
2: 
3: #include <pg_config_manual.h>
/* end */

--------------------

have_library: checking for PQconnectdb() in -lpq... -------------------- yes

"/usr/bin/clang -o conftest -I/Users/dceballos/.rvm/rubies/ruby-2.0.0-p0/include/ruby-2.0.0/x86_64-darwin12.4.0 -I/Users/dceballos/.rvm/rubies/ruby-2.0.0-p0/include/ruby-2.0.0/ruby/backward -I/Users/dceballos/.rvm/rubies/ruby-2.0.0-p0/include/ruby-2.0.0 -I. -I/usr/local/Cellar/postgresql/9.1.3/include -D_XOPEN_SOURCE -D_DARWIN_C_SOURCE -D_DARWIN_UNLIMITED_SELECT -D_REENTRANT -I/usr/local/opt/libyaml/include -I/usr/local/opt/readline/include -I/usr/local/opt/libksba/include -I/usr/local/opt/openssl/include    -O3 -fno-fast-math -ggdb3 -Wall -Wextra -Wno-unused-parameter -Wno-parentheses -Wno-long-long -Wno-missing-field-initializers -Wunused-variable -Wpointer-arith -Wwrite-strings -Wdeclaration-after-statement -Wshorten-64-to-32 -Wimplicit-function-declaration  -fno-common -pipe conftest.c  -L. -L/Users/dceballos/.rvm/rubies/ruby-2.0.0-p0/lib -L/usr/local/Cellar/postgresql/9.1.3/lib -L/usr/local/opt/libyaml/lib -L/usr/local/opt/readline/lib -L/usr/local/opt/libksba/lib -L/usr/local/opt/openssl/lib -L. -fstack-protector -L/usr/local/lib -L/usr/local/opt/libyaml/lib -L/usr/local/opt/readline/lib -L/usr/local/opt/libksba/lib -L/usr/local/opt/openssl/lib  -Wl,-rpath,/usr/local/Cellar/postgresql/9.1.3/lib     -lruby.2.0.0 -lpq  -lpthread -ldl -lobjc "
checked program was:
/* begin */
1: #include "ruby.h"
2: 
3: #include <libpq-fe.h>
4: 
5: /*top*/
6: int main(void) {return 0;}
7: extern int t(void);
8: int t(void) { void ((*volatile p)()); p = (void ((*)()))PQconnectdb; return 0; }
/* end */

--------------------

have_func: checking for PQconnectionUsedPassword()... -------------------- yes

"/usr/bin/clang -o conftest -I/Users/dceballos/.rvm/rubies/ruby-2.0.0-p0/include/ruby-2.0.0/x86_64-darwin12.4.0 -I/Users/dceballos/.rvm/rubies/ruby-2.0.0-p0/include/ruby-2.0.0/ruby/backward -I/Users/dceballos/.rvm/rubies/ruby-2.0.0-p0/include/ruby-2.0.0 -I. -I/usr/local/Cellar/postgresql/9.1.3/include -D_XOPEN_SOURCE -D_DARWIN_C_SOURCE -D_DARWIN_UNLIMITED_SELECT -D_REENTRANT -I/usr/local/opt/libyaml/include -I/usr/local/opt/readline/include -I/usr/local/opt/libksba/include -I/usr/local/opt/openssl/include    -O3 -fno-fast-math -ggdb3 -Wall -Wextra -Wno-unused-parameter -Wno-parentheses -Wno-long-long -Wno-missing-field-initializers -Wunused-variable -Wpointer-arith -Wwrite-strings -Wdeclaration-after-statement -Wshorten-64-to-32 -Wimplicit-function-declaration  -fno-common -pipe conftest.c  -L. -L/Users/dceballos/.rvm/rubies/ruby-2.0.0-p0/lib -L/usr/local/Cellar/postgresql/9.1.3/lib -L/usr/local/opt/libyaml/lib -L/usr/local/opt/readline/lib -L/usr/local/opt/libksba/lib -L/usr/local/opt/openssl/lib -L. -fstack-protector -L/usr/local/lib -L/usr/local/opt/libyaml/lib -L/usr/local/opt/readline/lib -L/usr/local/opt/libksba/lib -L/usr/local/opt/openssl/lib  -Wl,-rpath,/usr/local/Cellar/postgresql/9.1.3/lib    -lpq  -lruby.2.0.0 -lpq  -lpthread -ldl -lobjc "
conftest.c:6:57: error: use of undeclared identifier 'PQconnectionUsedPassword'
int t(void) { void ((*volatile p)()); p = (void ((*)()))PQconnectionUsedPassword; return 0; }
                                                        ^
1 error generated.
checked program was:
/* begin */
1: #include "ruby.h"
2: 
3: /*top*/
4: int main(void) {return 0;}
5: extern int t(void);
6: int t(void) { void ((*volatile p)()); p = (void ((*)()))PQconnectionUsedPassword; return 0; }
/* end */

"/usr/bin/clang -o conftest -I/Users/dceballos/.rvm/rubies/ruby-2.0.0-p0/include/ruby-2.0.0/x86_64-darwin12.4.0 -I/Users/dceballos/.rvm/rubies/ruby-2.0.0-p0/include/ruby-2.0.0/ruby/backward -I/Users/dceballos/.rvm/rubies/ruby-2.0.0-p0/include/ruby-2.0.0 -I. -I/usr/local/Cellar/postgresql/9.1.3/include -D_XOPEN_SOURCE -D_DARWIN_C_SOURCE -D_DARWIN_UNLIMITED_SELECT -D_REENTRANT -I/usr/local/opt/libyaml/include -I/usr/local/opt/readline/include -I/usr/local/opt/libksba/include -I/usr/local/opt/openssl/include    -O3 -fno-fast-math -ggdb3 -Wall -Wextra -Wno-unused-parameter -Wno-parentheses -Wno-long-long -Wno-missing-field-initializers -Wunused-variable -Wpointer-arith -Wwrite-strings -Wdeclaration-after-statement -Wshorten-64-to-32 -Wimplicit-function-declaration  -fno-common -pipe conftest.c  -L. -L/Users/dceballos/.rvm/rubies/ruby-2.0.0-p0/lib -L/usr/local/Cellar/postgresql/9.1.3/lib -L/usr/local/opt/libyaml/lib -L/usr/local/opt/readline/lib -L/usr/local/opt/libksba/lib -L/usr/local/opt/openssl/lib -L. -fstack-protector -L/usr/local/lib -L/usr/local/opt/libyaml/lib -L/usr/local/opt/readline/lib -L/usr/local/opt/libksba/lib -L/usr/local/opt/openssl/lib  -Wl,-rpath,/usr/local/Cellar/postgresql/9.1.3/lib    -lpq  -lruby.2.0.0 -lpq  -lpthread -ldl -lobjc "
conftest.c:6:15: warning: implicit declaration of function 'PQconnectionUsedPassword' is invalid in C99 [-Wimplicit-function-declaration]
int t(void) { PQconnectionUsedPassword(); return 0; }
              ^
1 warning generated.
checked program was:
/* begin */
1: #include "ruby.h"
2: 
3: /*top*/
4: int main(void) {return 0;}
5: extern int t(void);
6: int t(void) { PQconnectionUsedPassword(); return 0; }
/* end */

--------------------

have_func: checking for PQisthreadsafe()... -------------------- yes

"/usr/bin/clang -o conftest -I/Users/dceballos/.rvm/rubies/ruby-2.0.0-p0/include/ruby-2.0.0/x86_64-darwin12.4.0 -I/Users/dceballos/.rvm/rubies/ruby-2.0.0-p0/include/ruby-2.0.0/ruby/backward -I/Users/dceballos/.rvm/rubies/ruby-2.0.0-p0/include/ruby-2.0.0 -I. -I/usr/local/Cellar/postgresql/9.1.3/include -D_XOPEN_SOURCE -D_DARWIN_C_SOURCE -D_DARWIN_UNLIMITED_SELECT -D_REENTRANT -I/usr/local/opt/libyaml/include -I/usr/local/opt/readline/include -I/usr/local/opt/libksba/include -I/usr/local/opt/openssl/include    -O3 -fno-fast-math -ggdb3 -Wall -Wextra -Wno-unused-parameter -Wno-parentheses -Wno-long-long -Wno-missing-field-initializers -Wunused-variable -Wpointer-arith -Wwrite-strings -Wdeclaration-after-statement -Wshorten-64-to-32 -Wimplicit-function-declaration  -fno-common -pipe conftest.c  -L. -L/Users/dceballos/.rvm/rubies/ruby-2.0.0-p0/lib -L/usr/local/Cellar/postgresql/9.1.3/lib -L/usr/local/opt/libyaml/lib -L/usr/local/opt/readline/lib -L/usr/local/opt/libksba/lib -L/usr/local/opt/openssl/lib -L. -fstack-protector -L/usr/local/lib -L/usr/local/opt/libyaml/lib -L/usr/local/opt/readline/lib -L/usr/local/opt/libksba/lib -L/usr/local/opt/openssl/lib  -Wl,-rpath,/usr/local/Cellar/postgresql/9.1.3/lib    -lpq  -lruby.2.0.0 -lpq  -lpthread -ldl -lobjc "
conftest.c:6:57: error: use of undeclared identifier 'PQisthreadsafe'
int t(void) { void ((*volatile p)()); p = (void ((*)()))PQisthreadsafe; return 0; }
                                                        ^
1 error generated.
checked program was:
/* begin */
1: #include "ruby.h"
2: 
3: /*top*/
4: int main(void) {return 0;}
5: extern int t(void);
6: int t(void) { void ((*volatile p)()); p = (void ((*)()))PQisthreadsafe; return 0; }
/* end */

"/usr/bin/clang -o conftest -I/Users/dceballos/.rvm/rubies/ruby-2.0.0-p0/include/ruby-2.0.0/x86_64-darwin12.4.0 -I/Users/dceballos/.rvm/rubies/ruby-2.0.0-p0/include/ruby-2.0.0/ruby/backward -I/Users/dceballos/.rvm/rubies/ruby-2.0.0-p0/include/ruby-2.0.0 -I. -I/usr/local/Cellar/postgresql/9.1.3/include -D_XOPEN_SOURCE -D_DARWIN_C_SOURCE -D_DARWIN_UNLIMITED_SELECT -D_REENTRANT -I/usr/local/opt/libyaml/include -I/usr/local/opt/readline/include -I/usr/local/opt/libksba/include -I/usr/local/opt/openssl/include    -O3 -fno-fast-math -ggdb3 -Wall -Wextra -Wno-unused-parameter -Wno-parentheses -Wno-long-long -Wno-missing-field-initializers -Wunused-variable -Wpointer-arith -Wwrite-strings -Wdeclaration-after-statement -Wshorten-64-to-32 -Wimplicit-function-declaration  -fno-common -pipe conftest.c  -L. -L/Users/dceballos/.rvm/rubies/ruby-2.0.0-p0/lib -L/usr/local/Cellar/postgresql/9.1.3/lib -L/usr/local/opt/libyaml/lib -L/usr/local/opt/readline/lib -L/usr/local/opt/libksba/lib -L/usr/local/opt/openssl/lib -L. -fstack-protector -L/usr/local/lib -L/usr/local/opt/libyaml/lib -L/usr/local/opt/readline/lib -L/usr/local/opt/libksba/lib -L/usr/local/opt/openssl/lib  -Wl,-rpath,/usr/local/Cellar/postgresql/9.1.3/lib    -lpq  -lruby.2.0.0 -lpq  -lpthread -ldl -lobjc "
conftest.c:6:15: warning: implicit declaration of function 'PQisthreadsafe' is invalid in C99 [-Wimplicit-function-declaration]
int t(void) { PQisthreadsafe(); return 0; }
              ^
1 warning generated.
checked program was:
/* begin */
1: #include "ruby.h"
2: 
3: /*top*/
4: int main(void) {return 0;}
5: extern int t(void);
6: int t(void) { PQisthreadsafe(); return 0; }
/* end */

--------------------

have_func: checking for PQprepare()... -------------------- yes

"/usr/bin/clang -o conftest -I/Users/dceballos/.rvm/rubies/ruby-2.0.0-p0/include/ruby-2.0.0/x86_64-darwin12.4.0 -I/Users/dceballos/.rvm/rubies/ruby-2.0.0-p0/include/ruby-2.0.0/ruby/backward -I/Users/dceballos/.rvm/rubies/ruby-2.0.0-p0/include/ruby-2.0.0 -I. -I/usr/local/Cellar/postgresql/9.1.3/include -D_XOPEN_SOURCE -D_DARWIN_C_SOURCE -D_DARWIN_UNLIMITED_SELECT -D_REENTRANT -I/usr/local/opt/libyaml/include -I/usr/local/opt/readline/include -I/usr/local/opt/libksba/include -I/usr/local/opt/openssl/include    -O3 -fno-fast-math -ggdb3 -Wall -Wextra -Wno-unused-parameter -Wno-parentheses -Wno-long-long -Wno-missing-field-initializers -Wunused-variable -Wpointer-arith -Wwrite-strings -Wdeclaration-after-statement -Wshorten-64-to-32 -Wimplicit-function-declaration  -fno-common -pipe conftest.c  -L. -L/Users/dceballos/.rvm/rubies/ruby-2.0.0-p0/lib -L/usr/local/Cellar/postgresql/9.1.3/lib -L/usr/local/opt/libyaml/lib -L/usr/local/opt/readline/lib -L/usr/local/opt/libksba/lib -L/usr/local/opt/openssl/lib -L. -fstack-protector -L/usr/local/lib -L/usr/local/opt/libyaml/lib -L/usr/local/opt/readline/lib -L/usr/local/opt/libksba/lib -L/usr/local/opt/openssl/lib  -Wl,-rpath,/usr/local/Cellar/postgresql/9.1.3/lib    -lpq  -lruby.2.0.0 -lpq  -lpthread -ldl -lobjc "
conftest.c:6:57: error: use of undeclared identifier 'PQprepare'
int t(void) { void ((*volatile p)()); p = (void ((*)()))PQprepare; return 0; }
                                                        ^
1 error generated.
checked program was:
/* begin */
1: #include "ruby.h"
2: 
3: /*top*/
4: int main(void) {return 0;}
5: extern int t(void);
6: int t(void) { void ((*volatile p)()); p = (void ((*)()))PQprepare; return 0; }
/* end */

"/usr/bin/clang -o conftest -I/Users/dceballos/.rvm/rubies/ruby-2.0.0-p0/include/ruby-2.0.0/x86_64-darwin12.4.0 -I/Users/dceballos/.rvm/rubies/ruby-2.0.0-p0/include/ruby-2.0.0/ruby/backward -I/Users/dceballos/.rvm/rubies/ruby-2.0.0-p0/include/ruby-2.0.0 -I. -I/usr/local/Cellar/postgresql/9.1.3/include -D_XOPEN_SOURCE -D_DARWIN_C_SOURCE -D_DARWIN_UNLIMITED_SELECT -D_REENTRANT -I/usr/local/opt/libyaml/include -I/usr/local/opt/readline/include -I/usr/local/opt/libksba/include -I/usr/local/opt/openssl/include    -O3 -fno-fast-math -ggdb3 -Wall -Wextra -Wno-unused-parameter -Wno-parentheses -Wno-long-long -Wno-missing-field-initializers -Wunused-variable -Wpointer-arith -Wwrite-strings -Wdeclaration-after-statement -Wshorten-64-to-32 -Wimplicit-function-declaration  -fno-common -pipe conftest.c  -L. -L/Users/dceballos/.rvm/rubies/ruby-2.0.0-p0/lib -L/usr/local/Cellar/postgresql/9.1.3/lib -L/usr/local/opt/libyaml/lib -L/usr/local/opt/readline/lib -L/usr/local/opt/libksba/lib -L/usr/local/opt/openssl/lib -L. -fstack-protector -L/usr/local/lib -L/usr/local/opt/libyaml/lib -L/usr/local/opt/readline/lib -L/usr/local/opt/libksba/lib -L/usr/local/opt/openssl/lib  -Wl,-rpath,/usr/local/Cellar/postgresql/9.1.3/lib    -lpq  -lruby.2.0.0 -lpq  -lpthread -ldl -lobjc "
conftest.c:6:15: warning: implicit declaration of function 'PQprepare' is invalid in C99 [-Wimplicit-function-declaration]
int t(void) { PQprepare(); return 0; }
              ^
1 warning generated.
checked program was:
/* begin */
1: #include "ruby.h"
2: 
3: /*top*/
4: int main(void) {return 0;}
5: extern int t(void);
6: int t(void) { PQprepare(); return 0; }
/* end */

--------------------

have_func: checking for PQexecParams()... -------------------- yes

"/usr/bin/clang -o conftest -I/Users/dceballos/.rvm/rubies/ruby-2.0.0-p0/include/ruby-2.0.0/x86_64-darwin12.4.0 -I/Users/dceballos/.rvm/rubies/ruby-2.0.0-p0/include/ruby-2.0.0/ruby/backward -I/Users/dceballos/.rvm/rubies/ruby-2.0.0-p0/include/ruby-2.0.0 -I. -I/usr/local/Cellar/postgresql/9.1.3/include -D_XOPEN_SOURCE -D_DARWIN_C_SOURCE -D_DARWIN_UNLIMITED_SELECT -D_REENTRANT -I/usr/local/opt/libyaml/include -I/usr/local/opt/readline/include -I/usr/local/opt/libksba/include -I/usr/local/opt/openssl/include    -O3 -fno-fast-math -ggdb3 -Wall -Wextra -Wno-unused-parameter -Wno-parentheses -Wno-long-long -Wno-missing-field-initializers -Wunused-variable -Wpointer-arith -Wwrite-strings -Wdeclaration-after-statement -Wshorten-64-to-32 -Wimplicit-function-declaration  -fno-common -pipe conftest.c  -L. -L/Users/dceballos/.rvm/rubies/ruby-2.0.0-p0/lib -L/usr/local/Cellar/postgresql/9.1.3/lib -L/usr/local/opt/libyaml/lib -L/usr/local/opt/readline/lib -L/usr/local/opt/libksba/lib -L/usr/local/opt/openssl/lib -L. -fstack-protector -L/usr/local/lib -L/usr/local/opt/libyaml/lib -L/usr/local/opt/readline/lib -L/usr/local/opt/libksba/lib -L/usr/local/opt/openssl/lib  -Wl,-rpath,/usr/local/Cellar/postgresql/9.1.3/lib    -lpq  -lruby.2.0.0 -lpq  -lpthread -ldl -lobjc "
conftest.c:6:57: error: use of undeclared identifier 'PQexecParams'
int t(void) { void ((*volatile p)()); p = (void ((*)()))PQexecParams; return 0; }
                                                        ^
1 error generated.
checked program was:
/* begin */
1: #include "ruby.h"
2: 
3: /*top*/
4: int main(void) {return 0;}
5: extern int t(void);
6: int t(void) { void ((*volatile p)()); p = (void ((*)()))PQexecParams; return 0; }
/* end */

"/usr/bin/clang -o conftest -I/Users/dceballos/.rvm/rubies/ruby-2.0.0-p0/include/ruby-2.0.0/x86_64-darwin12.4.0 -I/Users/dceballos/.rvm/rubies/ruby-2.0.0-p0/include/ruby-2.0.0/ruby/backward -I/Users/dceballos/.rvm/rubies/ruby-2.0.0-p0/include/ruby-2.0.0 -I. -I/usr/local/Cellar/postgresql/9.1.3/include -D_XOPEN_SOURCE -D_DARWIN_C_SOURCE -D_DARWIN_UNLIMITED_SELECT -D_REENTRANT -I/usr/local/opt/libyaml/include -I/usr/local/opt/readline/include -I/usr/local/opt/libksba/include -I/usr/local/opt/openssl/include    -O3 -fno-fast-math -ggdb3 -Wall -Wextra -Wno-unused-parameter -Wno-parentheses -Wno-long-long -Wno-missing-field-initializers -Wunused-variable -Wpointer-arith -Wwrite-strings -Wdeclaration-after-statement -Wshorten-64-to-32 -Wimplicit-function-declaration  -fno-common -pipe conftest.c  -L. -L/Users/dceballos/.rvm/rubies/ruby-2.0.0-p0/lib -L/usr/local/Cellar/postgresql/9.1.3/lib -L/usr/local/opt/libyaml/lib -L/usr/local/opt/readline/lib -L/usr/local/opt/libksba/lib -L/usr/local/opt/openssl/lib -L. -fstack-protector -L/usr/local/lib -L/usr/local/opt/libyaml/lib -L/usr/local/opt/readline/lib -L/usr/local/opt/libksba/lib -L/usr/local/opt/openssl/lib  -Wl,-rpath,/usr/local/Cellar/postgresql/9.1.3/lib    -lpq  -lruby.2.0.0 -lpq  -lpthread -ldl -lobjc "
conftest.c:6:15: warning: implicit declaration of function 'PQexecParams' is invalid in C99 [-Wimplicit-function-declaration]
int t(void) { PQexecParams(); return 0; }
              ^
1 warning generated.
checked program was:
/* begin */
1: #include "ruby.h"
2: 
3: /*top*/
4: int main(void) {return 0;}
5: extern int t(void);
6: int t(void) { PQexecParams(); return 0; }
/* end */

--------------------

have_func: checking for PQescapeString()... -------------------- yes

"/usr/bin/clang -o conftest -I/Users/dceballos/.rvm/rubies/ruby-2.0.0-p0/include/ruby-2.0.0/x86_64-darwin12.4.0 -I/Users/dceballos/.rvm/rubies/ruby-2.0.0-p0/include/ruby-2.0.0/ruby/backward -I/Users/dceballos/.rvm/rubies/ruby-2.0.0-p0/include/ruby-2.0.0 -I. -I/usr/local/Cellar/postgresql/9.1.3/include -D_XOPEN_SOURCE -D_DARWIN_C_SOURCE -D_DARWIN_UNLIMITED_SELECT -D_REENTRANT -I/usr/local/opt/libyaml/include -I/usr/local/opt/readline/include -I/usr/local/opt/libksba/include -I/usr/local/opt/openssl/include    -O3 -fno-fast-math -ggdb3 -Wall -Wextra -Wno-unused-parameter -Wno-parentheses -Wno-long-long -Wno-missing-field-initializers -Wunused-variable -Wpointer-arith -Wwrite-strings -Wdeclaration-after-statement -Wshorten-64-to-32 -Wimplicit-function-declaration  -fno-common -pipe conftest.c  -L. -L/Users/dceballos/.rvm/rubies/ruby-2.0.0-p0/lib -L/usr/local/Cellar/postgresql/9.1.3/lib -L/usr/local/opt/libyaml/lib -L/usr/local/opt/readline/lib -L/usr/local/opt/libksba/lib -L/usr/local/opt/openssl/lib -L. -fstack-protector -L/usr/local/lib -L/usr/local/opt/libyaml/lib -L/usr/local/opt/readline/lib -L/usr/local/opt/libksba/lib -L/usr/local/opt/openssl/lib  -Wl,-rpath,/usr/local/Cellar/postgresql/9.1.3/lib    -lpq  -lruby.2.0.0 -lpq  -lpthread -ldl -lobjc "
conftest.c:6:57: error: use of undeclared identifier 'PQescapeString'
int t(void) { void ((*volatile p)()); p = (void ((*)()))PQescapeString; return 0; }
                                                        ^
1 error generated.
checked program was:
/* begin */
1: #include "ruby.h"
2: 
3: /*top*/
4: int main(void) {return 0;}
5: extern int t(void);
6: int t(void) { void ((*volatile p)()); p = (void ((*)()))PQescapeString; return 0; }
/* end */

"/usr/bin/clang -o conftest -I/Users/dceballos/.rvm/rubies/ruby-2.0.0-p0/include/ruby-2.0.0/x86_64-darwin12.4.0 -I/Users/dceballos/.rvm/rubies/ruby-2.0.0-p0/include/ruby-2.0.0/ruby/backward -I/Users/dceballos/.rvm/rubies/ruby-2.0.0-p0/include/ruby-2.0.0 -I. -I/usr/local/Cellar/postgresql/9.1.3/include -D_XOPEN_SOURCE -D_DARWIN_C_SOURCE -D_DARWIN_UNLIMITED_SELECT -D_REENTRANT -I/usr/local/opt/libyaml/include -I/usr/local/opt/readline/include -I/usr/local/opt/libksba/include -I/usr/local/opt/openssl/include    -O3 -fno-fast-math -ggdb3 -Wall -Wextra -Wno-unused-parameter -Wno-parentheses -Wno-long-long -Wno-missing-field-initializers -Wunused-variable -Wpointer-arith -Wwrite-strings -Wdeclaration-after-statement -Wshorten-64-to-32 -Wimplicit-function-declaration  -fno-common -pipe conftest.c  -L. -L/Users/dceballos/.rvm/rubies/ruby-2.0.0-p0/lib -L/usr/local/Cellar/postgresql/9.1.3/lib -L/usr/local/opt/libyaml/lib -L/usr/local/opt/readline/lib -L/usr/local/opt/libksba/lib -L/usr/local/opt/openssl/lib -L. -fstack-protector -L/usr/local/lib -L/usr/local/opt/libyaml/lib -L/usr/local/opt/readline/lib -L/usr/local/opt/libksba/lib -L/usr/local/opt/openssl/lib  -Wl,-rpath,/usr/local/Cellar/postgresql/9.1.3/lib    -lpq  -lruby.2.0.0 -lpq  -lpthread -ldl -lobjc "
conftest.c:6:15: warning: implicit declaration of function 'PQescapeString' is invalid in C99 [-Wimplicit-function-declaration]
int t(void) { PQescapeString(); return 0; }
              ^
1 warning generated.
checked program was:
/* begin */
1: #include "ruby.h"
2: 
3: /*top*/
4: int main(void) {return 0;}
5: extern int t(void);
6: int t(void) { PQescapeString(); return 0; }
/* end */

--------------------

have_func: checking for PQescapeStringConn()... -------------------- yes

"/usr/bin/clang -o conftest -I/Users/dceballos/.rvm/rubies/ruby-2.0.0-p0/include/ruby-2.0.0/x86_64-darwin12.4.0 -I/Users/dceballos/.rvm/rubies/ruby-2.0.0-p0/include/ruby-2.0.0/ruby/backward -I/Users/dceballos/.rvm/rubies/ruby-2.0.0-p0/include/ruby-2.0.0 -I. -I/usr/local/Cellar/postgresql/9.1.3/include -D_XOPEN_SOURCE -D_DARWIN_C_SOURCE -D_DARWIN_UNLIMITED_SELECT -D_REENTRANT -I/usr/local/opt/libyaml/include -I/usr/local/opt/readline/include -I/usr/local/opt/libksba/include -I/usr/local/opt/openssl/include    -O3 -fno-fast-math -ggdb3 -Wall -Wextra -Wno-unused-parameter -Wno-parentheses -Wno-long-long -Wno-missing-field-initializers -Wunused-variable -Wpointer-arith -Wwrite-strings -Wdeclaration-after-statement -Wshorten-64-to-32 -Wimplicit-function-declaration  -fno-common -pipe conftest.c  -L. -L/Users/dceballos/.rvm/rubies/ruby-2.0.0-p0/lib -L/usr/local/Cellar/postgresql/9.1.3/lib -L/usr/local/opt/libyaml/lib -L/usr/local/opt/readline/lib -L/usr/local/opt/libksba/lib -L/usr/local/opt/openssl/lib -L. -fstack-protector -L/usr/local/lib -L/usr/local/opt/libyaml/lib -L/usr/local/opt/readline/lib -L/usr/local/opt/libksba/lib -L/usr/local/opt/openssl/lib  -Wl,-rpath,/usr/local/Cellar/postgresql/9.1.3/lib    -lpq  -lruby.2.0.0 -lpq  -lpthread -ldl -lobjc "
conftest.c:6:57: error: use of undeclared identifier 'PQescapeStringConn'
int t(void) { void ((*volatile p)()); p = (void ((*)()))PQescapeStringConn; return 0; }
                                                        ^
1 error generated.
checked program was:
/* begin */
1: #include "ruby.h"
2: 
3: /*top*/
4: int main(void) {return 0;}
5: extern int t(void);
6: int t(void) { void ((*volatile p)()); p = (void ((*)()))PQescapeStringConn; return 0; }
/* end */

"/usr/bin/clang -o conftest -I/Users/dceballos/.rvm/rubies/ruby-2.0.0-p0/include/ruby-2.0.0/x86_64-darwin12.4.0 -I/Users/dceballos/.rvm/rubies/ruby-2.0.0-p0/include/ruby-2.0.0/ruby/backward -I/Users/dceballos/.rvm/rubies/ruby-2.0.0-p0/include/ruby-2.0.0 -I. -I/usr/local/Cellar/postgresql/9.1.3/include -D_XOPEN_SOURCE -D_DARWIN_C_SOURCE -D_DARWIN_UNLIMITED_SELECT -D_REENTRANT -I/usr/local/opt/libyaml/include -I/usr/local/opt/readline/include -I/usr/local/opt/libksba/include -I/usr/local/opt/openssl/include    -O3 -fno-fast-math -ggdb3 -Wall -Wextra -Wno-unused-parameter -Wno-parentheses -Wno-long-long -Wno-missing-field-initializers -Wunused-variable -Wpointer-arith -Wwrite-strings -Wdeclaration-after-statement -Wshorten-64-to-32 -Wimplicit-function-declaration  -fno-common -pipe conftest.c  -L. -L/Users/dceballos/.rvm/rubies/ruby-2.0.0-p0/lib -L/usr/local/Cellar/postgresql/9.1.3/lib -L/usr/local/opt/libyaml/lib -L/usr/local/opt/readline/lib -L/usr/local/opt/libksba/lib -L/usr/local/opt/openssl/lib -L. -fstack-protector -L/usr/local/lib -L/usr/local/opt/libyaml/lib -L/usr/local/opt/readline/lib -L/usr/local/opt/libksba/lib -L/usr/local/opt/openssl/lib  -Wl,-rpath,/usr/local/Cellar/postgresql/9.1.3/lib    -lpq  -lruby.2.0.0 -lpq  -lpthread -ldl -lobjc "
conftest.c:6:15: warning: implicit declaration of function 'PQescapeStringConn' is invalid in C99 [-Wimplicit-function-declaration]
int t(void) { PQescapeStringConn(); return 0; }
              ^
1 warning generated.
checked program was:
/* begin */
1: #include "ruby.h"
2: 
3: /*top*/
4: int main(void) {return 0;}
5: extern int t(void);
6: int t(void) { PQescapeStringConn(); return 0; }
/* end */

--------------------

have_func: checking for PQescapeLiteral()... -------------------- yes

"/usr/bin/clang -o conftest -I/Users/dceballos/.rvm/rubies/ruby-2.0.0-p0/include/ruby-2.0.0/x86_64-darwin12.4.0 -I/Users/dceballos/.rvm/rubies/ruby-2.0.0-p0/include/ruby-2.0.0/ruby/backward -I/Users/dceballos/.rvm/rubies/ruby-2.0.0-p0/include/ruby-2.0.0 -I. -I/usr/local/Cellar/postgresql/9.1.3/include -D_XOPEN_SOURCE -D_DARWIN_C_SOURCE -D_DARWIN_UNLIMITED_SELECT -D_REENTRANT -I/usr/local/opt/libyaml/include -I/usr/local/opt/readline/include -I/usr/local/opt/libksba/include -I/usr/local/opt/openssl/include    -O3 -fno-fast-math -ggdb3 -Wall -Wextra -Wno-unused-parameter -Wno-parentheses -Wno-long-long -Wno-missing-field-initializers -Wunused-variable -Wpointer-arith -Wwrite-strings -Wdeclaration-after-statement -Wshorten-64-to-32 -Wimplicit-function-declaration  -fno-common -pipe conftest.c  -L. -L/Users/dceballos/.rvm/rubies/ruby-2.0.0-p0/lib -L/usr/local/Cellar/postgresql/9.1.3/lib -L/usr/local/opt/libyaml/lib -L/usr/local/opt/readline/lib -L/usr/local/opt/libksba/lib -L/usr/local/opt/openssl/lib -L. -fstack-protector -L/usr/local/lib -L/usr/local/opt/libyaml/lib -L/usr/local/opt/readline/lib -L/usr/local/opt/libksba/lib -L/usr/local/opt/openssl/lib  -Wl,-rpath,/usr/local/Cellar/postgresql/9.1.3/lib    -lpq  -lruby.2.0.0 -lpq  -lpthread -ldl -lobjc "
conftest.c:6:57: error: use of undeclared identifier 'PQescapeLiteral'
int t(void) { void ((*volatile p)()); p = (void ((*)()))PQescapeLiteral; return 0; }
                                                        ^
1 error generated.
checked program was:
/* begin */
1: #include "ruby.h"
2: 
3: /*top*/
4: int main(void) {return 0;}
5: extern int t(void);
6: int t(void) { void ((*volatile p)()); p = (void ((*)()))PQescapeLiteral; return 0; }
/* end */

"/usr/bin/clang -o conftest -I/Users/dceballos/.rvm/rubies/ruby-2.0.0-p0/include/ruby-2.0.0/x86_64-darwin12.4.0 -I/Users/dceballos/.rvm/rubies/ruby-2.0.0-p0/include/ruby-2.0.0/ruby/backward -I/Users/dceballos/.rvm/rubies/ruby-2.0.0-p0/include/ruby-2.0.0 -I. -I/usr/local/Cellar/postgresql/9.1.3/include -D_XOPEN_SOURCE -D_DARWIN_C_SOURCE -D_DARWIN_UNLIMITED_SELECT -D_REENTRANT -I/usr/local/opt/libyaml/include -I/usr/local/opt/readline/include -I/usr/local/opt/libksba/include -I/usr/local/opt/openssl/include    -O3 -fno-fast-math -ggdb3 -Wall -Wextra -Wno-unused-parameter -Wno-parentheses -Wno-long-long -Wno-missing-field-initializers -Wunused-variable -Wpointer-arith -Wwrite-strings -Wdeclaration-after-statement -Wshorten-64-to-32 -Wimplicit-function-declaration  -fno-common -pipe conftest.c  -L. -L/Users/dceballos/.rvm/rubies/ruby-2.0.0-p0/lib -L/usr/local/Cellar/postgresql/9.1.3/lib -L/usr/local/opt/libyaml/lib -L/usr/local/opt/readline/lib -L/usr/local/opt/libksba/lib -L/usr/local/opt/openssl/lib -L. -fstack-protector -L/usr/local/lib -L/usr/local/opt/libyaml/lib -L/usr/local/opt/readline/lib -L/usr/local/opt/libksba/lib -L/usr/local/opt/openssl/lib  -Wl,-rpath,/usr/local/Cellar/postgresql/9.1.3/lib    -lpq  -lruby.2.0.0 -lpq  -lpthread -ldl -lobjc "
conftest.c:6:15: warning: implicit declaration of function 'PQescapeLiteral' is invalid in C99 [-Wimplicit-function-declaration]
int t(void) { PQescapeLiteral(); return 0; }
              ^
1 warning generated.
checked program was:
/* begin */
1: #include "ruby.h"
2: 
3: /*top*/
4: int main(void) {return 0;}
5: extern int t(void);
6: int t(void) { PQescapeLiteral(); return 0; }
/* end */

--------------------

have_func: checking for PQescapeIdentifier()... -------------------- yes

"/usr/bin/clang -o conftest -I/Users/dceballos/.rvm/rubies/ruby-2.0.0-p0/include/ruby-2.0.0/x86_64-darwin12.4.0 -I/Users/dceballos/.rvm/rubies/ruby-2.0.0-p0/include/ruby-2.0.0/ruby/backward -I/Users/dceballos/.rvm/rubies/ruby-2.0.0-p0/include/ruby-2.0.0 -I. -I/usr/local/Cellar/postgresql/9.1.3/include -D_XOPEN_SOURCE -D_DARWIN_C_SOURCE -D_DARWIN_UNLIMITED_SELECT -D_REENTRANT -I/usr/local/opt/libyaml/include -I/usr/local/opt/readline/include -I/usr/local/opt/libksba/include -I/usr/local/opt/openssl/include    -O3 -fno-fast-math -ggdb3 -Wall -Wextra -Wno-unused-parameter -Wno-parentheses -Wno-long-long -Wno-missing-field-initializers -Wunused-variable -Wpointer-arith -Wwrite-strings -Wdeclaration-after-statement -Wshorten-64-to-32 -Wimplicit-function-declaration  -fno-common -pipe conftest.c  -L. -L/Users/dceballos/.rvm/rubies/ruby-2.0.0-p0/lib -L/usr/local/Cellar/postgresql/9.1.3/lib -L/usr/local/opt/libyaml/lib -L/usr/local/opt/readline/lib -L/usr/local/opt/libksba/lib -L/usr/local/opt/openssl/lib -L. -fstack-protector -L/usr/local/lib -L/usr/local/opt/libyaml/lib -L/usr/local/opt/readline/lib -L/usr/local/opt/libksba/lib -L/usr/local/opt/openssl/lib  -Wl,-rpath,/usr/local/Cellar/postgresql/9.1.3/lib    -lpq  -lruby.2.0.0 -lpq  -lpthread -ldl -lobjc "
conftest.c:6:57: error: use of undeclared identifier 'PQescapeIdentifier'
int t(void) { void ((*volatile p)()); p = (void ((*)()))PQescapeIdentifier; return 0; }
                                                        ^
1 error generated.
checked program was:
/* begin */
1: #include "ruby.h"
2: 
3: /*top*/
4: int main(void) {return 0;}
5: extern int t(void);
6: int t(void) { void ((*volatile p)()); p = (void ((*)()))PQescapeIdentifier; return 0; }
/* end */

"/usr/bin/clang -o conftest -I/Users/dceballos/.rvm/rubies/ruby-2.0.0-p0/include/ruby-2.0.0/x86_64-darwin12.4.0 -I/Users/dceballos/.rvm/rubies/ruby-2.0.0-p0/include/ruby-2.0.0/ruby/backward -I/Users/dceballos/.rvm/rubies/ruby-2.0.0-p0/include/ruby-2.0.0 -I. -I/usr/local/Cellar/postgresql/9.1.3/include -D_XOPEN_SOURCE -D_DARWIN_C_SOURCE -D_DARWIN_UNLIMITED_SELECT -D_REENTRANT -I/usr/local/opt/libyaml/include -I/usr/local/opt/readline/include -I/usr/local/opt/libksba/include -I/usr/local/opt/openssl/include    -O3 -fno-fast-math -ggdb3 -Wall -Wextra -Wno-unused-parameter -Wno-parentheses -Wno-long-long -Wno-missing-field-initializers -Wunused-variable -Wpointer-arith -Wwrite-strings -Wdeclaration-after-statement -Wshorten-64-to-32 -Wimplicit-function-declaration  -fno-common -pipe conftest.c  -L. -L/Users/dceballos/.rvm/rubies/ruby-2.0.0-p0/lib -L/usr/local/Cellar/postgresql/9.1.3/lib -L/usr/local/opt/libyaml/lib -L/usr/local/opt/readline/lib -L/usr/local/opt/libksba/lib -L/usr/local/opt/openssl/lib -L. -fstack-protector -L/usr/local/lib -L/usr/local/opt/libyaml/lib -L/usr/local/opt/readline/lib -L/usr/local/opt/libksba/lib -L/usr/local/opt/openssl/lib  -Wl,-rpath,/usr/local/Cellar/postgresql/9.1.3/lib    -lpq  -lruby.2.0.0 -lpq  -lpthread -ldl -lobjc "
conftest.c:6:15: warning: implicit declaration of function 'PQescapeIdentifier' is invalid in C99 [-Wimplicit-function-declaration]
int t(void) { PQescapeIdentifier(); return 0; }
              ^
1 warning generated.
checked program was:
/* begin */
1: #include "ruby.h"
2: 
3: /*top*/
4: int main(void) {return 0;}
5: extern int t(void);
6: int t(void) { PQescapeIdentifier(); return 0; }
/* end */

--------------------

have_func: checking for PQgetCancel()... -------------------- yes

"/usr/bin/clang -o conftest -I/Users/dceballos/.rvm/rubies/ruby-2.0.0-p0/include/ruby-2.0.0/x86_64-darwin12.4.0 -I/Users/dceballos/.rvm/rubies/ruby-2.0.0-p0/include/ruby-2.0.0/ruby/backward -I/Users/dceballos/.rvm/rubies/ruby-2.0.0-p0/include/ruby-2.0.0 -I. -I/usr/local/Cellar/postgresql/9.1.3/include -D_XOPEN_SOURCE -D_DARWIN_C_SOURCE -D_DARWIN_UNLIMITED_SELECT -D_REENTRANT -I/usr/local/opt/libyaml/include -I/usr/local/opt/readline/include -I/usr/local/opt/libksba/include -I/usr/local/opt/openssl/include    -O3 -fno-fast-math -ggdb3 -Wall -Wextra -Wno-unused-parameter -Wno-parentheses -Wno-long-long -Wno-missing-field-initializers -Wunused-variable -Wpointer-arith -Wwrite-strings -Wdeclaration-after-statement -Wshorten-64-to-32 -Wimplicit-function-declaration  -fno-common -pipe conftest.c  -L. -L/Users/dceballos/.rvm/rubies/ruby-2.0.0-p0/lib -L/usr/local/Cellar/postgresql/9.1.3/lib -L/usr/local/opt/libyaml/lib -L/usr/local/opt/readline/lib -L/usr/local/opt/libksba/lib -L/usr/local/opt/openssl/lib -L. -fstack-protector -L/usr/local/lib -L/usr/local/opt/libyaml/lib -L/usr/local/opt/readline/lib -L/usr/local/opt/libksba/lib -L/usr/local/opt/openssl/lib  -Wl,-rpath,/usr/local/Cellar/postgresql/9.1.3/lib    -lpq  -lruby.2.0.0 -lpq  -lpthread -ldl -lobjc "
conftest.c:6:57: error: use of undeclared identifier 'PQgetCancel'
int t(void) { void ((*volatile p)()); p = (void ((*)()))PQgetCancel; return 0; }
                                                        ^
1 error generated.
checked program was:
/* begin */
1: #include "ruby.h"
2: 
3: /*top*/
4: int main(void) {return 0;}
5: extern int t(void);
6: int t(void) { void ((*volatile p)()); p = (void ((*)()))PQgetCancel; return 0; }
/* end */

"/usr/bin/clang -o conftest -I/Users/dceballos/.rvm/rubies/ruby-2.0.0-p0/include/ruby-2.0.0/x86_64-darwin12.4.0 -I/Users/dceballos/.rvm/rubies/ruby-2.0.0-p0/include/ruby-2.0.0/ruby/backward -I/Users/dceballos/.rvm/rubies/ruby-2.0.0-p0/include/ruby-2.0.0 -I. -I/usr/local/Cellar/postgresql/9.1.3/include -D_XOPEN_SOURCE -D_DARWIN_C_SOURCE -D_DARWIN_UNLIMITED_SELECT -D_REENTRANT -I/usr/local/opt/libyaml/include -I/usr/local/opt/readline/include -I/usr/local/opt/libksba/include -I/usr/local/opt/openssl/include    -O3 -fno-fast-math -ggdb3 -Wall -Wextra -Wno-unused-parameter -Wno-parentheses -Wno-long-long -Wno-missing-field-initializers -Wunused-variable -Wpointer-arith -Wwrite-strings -Wdeclaration-after-statement -Wshorten-64-to-32 -Wimplicit-function-declaration  -fno-common -pipe conftest.c  -L. -L/Users/dceballos/.rvm/rubies/ruby-2.0.0-p0/lib -L/usr/local/Cellar/postgresql/9.1.3/lib -L/usr/local/opt/libyaml/lib -L/usr/local/opt/readline/lib -L/usr/local/opt/libksba/lib -L/usr/local/opt/openssl/lib -L. -fstack-protector -L/usr/local/lib -L/usr/local/opt/libyaml/lib -L/usr/local/opt/readline/lib -L/usr/local/opt/libksba/lib -L/usr/local/opt/openssl/lib  -Wl,-rpath,/usr/local/Cellar/postgresql/9.1.3/lib    -lpq  -lruby.2.0.0 -lpq  -lpthread -ldl -lobjc "
conftest.c:6:15: warning: implicit declaration of function 'PQgetCancel' is invalid in C99 [-Wimplicit-function-declaration]
int t(void) { PQgetCancel(); return 0; }
              ^
1 warning generated.
checked program was:
/* begin */
1: #include "ruby.h"
2: 
3: /*top*/
4: int main(void) {return 0;}
5: extern int t(void);
6: int t(void) { PQgetCancel(); return 0; }
/* end */

--------------------

have_func: checking for lo_create()... -------------------- yes

"/usr/bin/clang -o conftest -I/Users/dceballos/.rvm/rubies/ruby-2.0.0-p0/include/ruby-2.0.0/x86_64-darwin12.4.0 -I/Users/dceballos/.rvm/rubies/ruby-2.0.0-p0/include/ruby-2.0.0/ruby/backward -I/Users/dceballos/.rvm/rubies/ruby-2.0.0-p0/include/ruby-2.0.0 -I. -I/usr/local/Cellar/postgresql/9.1.3/include -D_XOPEN_SOURCE -D_DARWIN_C_SOURCE -D_DARWIN_UNLIMITED_SELECT -D_REENTRANT -I/usr/local/opt/libyaml/include -I/usr/local/opt/readline/include -I/usr/local/opt/libksba/include -I/usr/local/opt/openssl/include    -O3 -fno-fast-math -ggdb3 -Wall -Wextra -Wno-unused-parameter -Wno-parentheses -Wno-long-long -Wno-missing-field-initializers -Wunused-variable -Wpointer-arith -Wwrite-strings -Wdeclaration-after-statement -Wshorten-64-to-32 -Wimplicit-function-declaration  -fno-common -pipe conftest.c  -L. -L/Users/dceballos/.rvm/rubies/ruby-2.0.0-p0/lib -L/usr/local/Cellar/postgresql/9.1.3/lib -L/usr/local/opt/libyaml/lib -L/usr/local/opt/readline/lib -L/usr/local/opt/libksba/lib -L/usr/local/opt/openssl/lib -L. -fstack-protector -L/usr/local/lib -L/usr/local/opt/libyaml/lib -L/usr/local/opt/readline/lib -L/usr/local/opt/libksba/lib -L/usr/local/opt/openssl/lib  -Wl,-rpath,/usr/local/Cellar/postgresql/9.1.3/lib    -lpq  -lruby.2.0.0 -lpq  -lpthread -ldl -lobjc "
conftest.c:6:57: error: use of undeclared identifier 'lo_create'
int t(void) { void ((*volatile p)()); p = (void ((*)()))lo_create; return 0; }
                                                        ^
1 error generated.
checked program was:
/* begin */
1: #include "ruby.h"
2: 
3: /*top*/
4: int main(void) {return 0;}
5: extern int t(void);
6: int t(void) { void ((*volatile p)()); p = (void ((*)()))lo_create; return 0; }
/* end */

"/usr/bin/clang -o conftest -I/Users/dceballos/.rvm/rubies/ruby-2.0.0-p0/include/ruby-2.0.0/x86_64-darwin12.4.0 -I/Users/dceballos/.rvm/rubies/ruby-2.0.0-p0/include/ruby-2.0.0/ruby/backward -I/Users/dceballos/.rvm/rubies/ruby-2.0.0-p0/include/ruby-2.0.0 -I. -I/usr/local/Cellar/postgresql/9.1.3/include -D_XOPEN_SOURCE -D_DARWIN_C_SOURCE -D_DARWIN_UNLIMITED_SELECT -D_REENTRANT -I/usr/local/opt/libyaml/include -I/usr/local/opt/readline/include -I/usr/local/opt/libksba/include -I/usr/local/opt/openssl/include    -O3 -fno-fast-math -ggdb3 -Wall -Wextra -Wno-unused-parameter -Wno-parentheses -Wno-long-long -Wno-missing-field-initializers -Wunused-variable -Wpointer-arith -Wwrite-strings -Wdeclaration-after-statement -Wshorten-64-to-32 -Wimplicit-function-declaration  -fno-common -pipe conftest.c  -L. -L/Users/dceballos/.rvm/rubies/ruby-2.0.0-p0/lib -L/usr/local/Cellar/postgresql/9.1.3/lib -L/usr/local/opt/libyaml/lib -L/usr/local/opt/readline/lib -L/usr/local/opt/libksba/lib -L/usr/local/opt/openssl/lib -L. -fstack-protector -L/usr/local/lib -L/usr/local/opt/libyaml/lib -L/usr/local/opt/readline/lib -L/usr/local/opt/libksba/lib -L/usr/local/opt/openssl/lib  -Wl,-rpath,/usr/local/Cellar/postgresql/9.1.3/lib    -lpq  -lruby.2.0.0 -lpq  -lpthread -ldl -lobjc "
conftest.c:6:15: warning: implicit declaration of function 'lo_create' is invalid in C99 [-Wimplicit-function-declaration]
int t(void) { lo_create(); return 0; }
              ^
1 warning generated.
checked program was:
/* begin */
1: #include "ruby.h"
2: 
3: /*top*/
4: int main(void) {return 0;}
5: extern int t(void);
6: int t(void) { lo_create(); return 0; }
/* end */

--------------------

have_func: checking for pg_encoding_to_char()... -------------------- yes

"/usr/bin/clang -o conftest -I/Users/dceballos/.rvm/rubies/ruby-2.0.0-p0/include/ruby-2.0.0/x86_64-darwin12.4.0 -I/Users/dceballos/.rvm/rubies/ruby-2.0.0-p0/include/ruby-2.0.0/ruby/backward -I/Users/dceballos/.rvm/rubies/ruby-2.0.0-p0/include/ruby-2.0.0 -I. -I/usr/local/Cellar/postgresql/9.1.3/include -D_XOPEN_SOURCE -D_DARWIN_C_SOURCE -D_DARWIN_UNLIMITED_SELECT -D_REENTRANT -I/usr/local/opt/libyaml/include -I/usr/local/opt/readline/include -I/usr/local/opt/libksba/include -I/usr/local/opt/openssl/include    -O3 -fno-fast-math -ggdb3 -Wall -Wextra -Wno-unused-parameter -Wno-parentheses -Wno-long-long -Wno-missing-field-initializers -Wunused-variable -Wpointer-arith -Wwrite-strings -Wdeclaration-after-statement -Wshorten-64-to-32 -Wimplicit-function-declaration  -fno-common -pipe conftest.c  -L. -L/Users/dceballos/.rvm/rubies/ruby-2.0.0-p0/lib -L/usr/local/Cellar/postgresql/9.1.3/lib -L/usr/local/opt/libyaml/lib -L/usr/local/opt/readline/lib -L/usr/local/opt/libksba/lib -L/usr/local/opt/openssl/lib -L. -fstack-protector -L/usr/local/lib -L/usr/local/opt/libyaml/lib -L/usr/local/opt/readline/lib -L/usr/local/opt/libksba/lib -L/usr/local/opt/openssl/lib  -Wl,-rpath,/usr/local/Cellar/postgresql/9.1.3/lib    -lpq  -lruby.2.0.0 -lpq  -lpthread -ldl -lobjc "
conftest.c:6:57: error: use of undeclared identifier 'pg_encoding_to_char'
int t(void) { void ((*volatile p)()); p = (void ((*)()))pg_encoding_to_char; return 0; }
                                                        ^
1 error generated.
checked program was:
/* begin */
1: #include "ruby.h"
2: 
3: /*top*/
4: int main(void) {return 0;}
5: extern int t(void);
6: int t(void) { void ((*volatile p)()); p = (void ((*)()))pg_encoding_to_char; return 0; }
/* end */

"/usr/bin/clang -o conftest -I/Users/dceballos/.rvm/rubies/ruby-2.0.0-p0/include/ruby-2.0.0/x86_64-darwin12.4.0 -I/Users/dceballos/.rvm/rubies/ruby-2.0.0-p0/include/ruby-2.0.0/ruby/backward -I/Users/dceballos/.rvm/rubies/ruby-2.0.0-p0/include/ruby-2.0.0 -I. -I/usr/local/Cellar/postgresql/9.1.3/include -D_XOPEN_SOURCE -D_DARWIN_C_SOURCE -D_DARWIN_UNLIMITED_SELECT -D_REENTRANT -I/usr/local/opt/libyaml/include -I/usr/local/opt/readline/include -I/usr/local/opt/libksba/include -I/usr/local/opt/openssl/include    -O3 -fno-fast-math -ggdb3 -Wall -Wextra -Wno-unused-parameter -Wno-parentheses -Wno-long-long -Wno-missing-field-initializers -Wunused-variable -Wpointer-arith -Wwrite-strings -Wdeclaration-after-statement -Wshorten-64-to-32 -Wimplicit-function-declaration  -fno-common -pipe conftest.c  -L. -L/Users/dceballos/.rvm/rubies/ruby-2.0.0-p0/lib -L/usr/local/Cellar/postgresql/9.1.3/lib -L/usr/local/opt/libyaml/lib -L/usr/local/opt/readline/lib -L/usr/local/opt/libksba/lib -L/usr/local/opt/openssl/lib -L. -fstack-protector -L/usr/local/lib -L/usr/local/opt/libyaml/lib -L/usr/local/opt/readline/lib -L/usr/local/opt/libksba/lib -L/usr/local/opt/openssl/lib  -Wl,-rpath,/usr/local/Cellar/postgresql/9.1.3/lib    -lpq  -lruby.2.0.0 -lpq  -lpthread -ldl -lobjc "
conftest.c:6:15: warning: implicit declaration of function 'pg_encoding_to_char' is invalid in C99 [-Wimplicit-function-declaration]
int t(void) { pg_encoding_to_char(); return 0; }
              ^
1 warning generated.
checked program was:
/* begin */
1: #include "ruby.h"
2: 
3: /*top*/
4: int main(void) {return 0;}
5: extern int t(void);
6: int t(void) { pg_encoding_to_char(); return 0; }
/* end */

--------------------

have_func: checking for pg_char_to_encoding()... -------------------- yes

"/usr/bin/clang -o conftest -I/Users/dceballos/.rvm/rubies/ruby-2.0.0-p0/include/ruby-2.0.0/x86_64-darwin12.4.0 -I/Users/dceballos/.rvm/rubies/ruby-2.0.0-p0/include/ruby-2.0.0/ruby/backward -I/Users/dceballos/.rvm/rubies/ruby-2.0.0-p0/include/ruby-2.0.0 -I. -I/usr/local/Cellar/postgresql/9.1.3/include -D_XOPEN_SOURCE -D_DARWIN_C_SOURCE -D_DARWIN_UNLIMITED_SELECT -D_REENTRANT -I/usr/local/opt/libyaml/include -I/usr/local/opt/readline/include -I/usr/local/opt/libksba/include -I/usr/local/opt/openssl/include    -O3 -fno-fast-math -ggdb3 -Wall -Wextra -Wno-unused-parameter -Wno-parentheses -Wno-long-long -Wno-missing-field-initializers -Wunused-variable -Wpointer-arith -Wwrite-strings -Wdeclaration-after-statement -Wshorten-64-to-32 -Wimplicit-function-declaration  -fno-common -pipe conftest.c  -L. -L/Users/dceballos/.rvm/rubies/ruby-2.0.0-p0/lib -L/usr/local/Cellar/postgresql/9.1.3/lib -L/usr/local/opt/libyaml/lib -L/usr/local/opt/readline/lib -L/usr/local/opt/libksba/lib -L/usr/local/opt/openssl/lib -L. -fstack-protector -L/usr/local/lib -L/usr/local/opt/libyaml/lib -L/usr/local/opt/readline/lib -L/usr/local/opt/libksba/lib -L/usr/local/opt/openssl/lib  -Wl,-rpath,/usr/local/Cellar/postgresql/9.1.3/lib    -lpq  -lruby.2.0.0 -lpq  -lpthread -ldl -lobjc "
conftest.c:6:57: error: use of undeclared identifier 'pg_char_to_encoding'
int t(void) { void ((*volatile p)()); p = (void ((*)()))pg_char_to_encoding; return 0; }
                                                        ^
1 error generated.
checked program was:
/* begin */
1: #include "ruby.h"
2: 
3: /*top*/
4: int main(void) {return 0;}
5: extern int t(void);
6: int t(void) { void ((*volatile p)()); p = (void ((*)()))pg_char_to_encoding; return 0; }
/* end */

"/usr/bin/clang -o conftest -I/Users/dceballos/.rvm/rubies/ruby-2.0.0-p0/include/ruby-2.0.0/x86_64-darwin12.4.0 -I/Users/dceballos/.rvm/rubies/ruby-2.0.0-p0/include/ruby-2.0.0/ruby/backward -I/Users/dceballos/.rvm/rubies/ruby-2.0.0-p0/include/ruby-2.0.0 -I. -I/usr/local/Cellar/postgresql/9.1.3/include -D_XOPEN_SOURCE -D_DARWIN_C_SOURCE -D_DARWIN_UNLIMITED_SELECT -D_REENTRANT -I/usr/local/opt/libyaml/include -I/usr/local/opt/readline/include -I/usr/local/opt/libksba/include -I/usr/local/opt/openssl/include    -O3 -fno-fast-math -ggdb3 -Wall -Wextra -Wno-unused-parameter -Wno-parentheses -Wno-long-long -Wno-missing-field-initializers -Wunused-variable -Wpointer-arith -Wwrite-strings -Wdeclaration-after-statement -Wshorten-64-to-32 -Wimplicit-function-declaration  -fno-common -pipe conftest.c  -L. -L/Users/dceballos/.rvm/rubies/ruby-2.0.0-p0/lib -L/usr/local/Cellar/postgresql/9.1.3/lib -L/usr/local/opt/libyaml/lib -L/usr/local/opt/readline/lib -L/usr/local/opt/libksba/lib -L/usr/local/opt/openssl/lib -L. -fstack-protector -L/usr/local/lib -L/usr/local/opt/libyaml/lib -L/usr/local/opt/readline/lib -L/usr/local/opt/libksba/lib -L/usr/local/opt/openssl/lib  -Wl,-rpath,/usr/local/Cellar/postgresql/9.1.3/lib    -lpq  -lruby.2.0.0 -lpq  -lpthread -ldl -lobjc "
conftest.c:6:15: warning: implicit declaration of function 'pg_char_to_encoding' is invalid in C99 [-Wimplicit-function-declaration]
int t(void) { pg_char_to_encoding(); return 0; }
              ^
1 warning generated.
checked program was:
/* begin */
1: #include "ruby.h"
2: 
3: /*top*/
4: int main(void) {return 0;}
5: extern int t(void);
6: int t(void) { pg_char_to_encoding(); return 0; }
/* end */

--------------------

have_func: checking for PQsetClientEncoding()... -------------------- yes

"/usr/bin/clang -o conftest -I/Users/dceballos/.rvm/rubies/ruby-2.0.0-p0/include/ruby-2.0.0/x86_64-darwin12.4.0 -I/Users/dceballos/.rvm/rubies/ruby-2.0.0-p0/include/ruby-2.0.0/ruby/backward -I/Users/dceballos/.rvm/rubies/ruby-2.0.0-p0/include/ruby-2.0.0 -I. -I/usr/local/Cellar/postgresql/9.1.3/include -D_XOPEN_SOURCE -D_DARWIN_C_SOURCE -D_DARWIN_UNLIMITED_SELECT -D_REENTRANT -I/usr/local/opt/libyaml/include -I/usr/local/opt/readline/include -I/usr/local/opt/libksba/include -I/usr/local/opt/openssl/include    -O3 -fno-fast-math -ggdb3 -Wall -Wextra -Wno-unused-parameter -Wno-parentheses -Wno-long-long -Wno-missing-field-initializers -Wunused-variable -Wpointer-arith -Wwrite-strings -Wdeclaration-after-statement -Wshorten-64-to-32 -Wimplicit-function-declaration  -fno-common -pipe conftest.c  -L. -L/Users/dceballos/.rvm/rubies/ruby-2.0.0-p0/lib -L/usr/local/Cellar/postgresql/9.1.3/lib -L/usr/local/opt/libyaml/lib -L/usr/local/opt/readline/lib -L/usr/local/opt/libksba/lib -L/usr/local/opt/openssl/lib -L. -fstack-protector -L/usr/local/lib -L/usr/local/opt/libyaml/lib -L/usr/local/opt/readline/lib -L/usr/local/opt/libksba/lib -L/usr/local/opt/openssl/lib  -Wl,-rpath,/usr/local/Cellar/postgresql/9.1.3/lib    -lpq  -lruby.2.0.0 -lpq  -lpthread -ldl -lobjc "
conftest.c:6:57: error: use of undeclared identifier 'PQsetClientEncoding'
int t(void) { void ((*volatile p)()); p = (void ((*)()))PQsetClientEncoding; return 0; }
                                                        ^
1 error generated.
checked program was:
/* begin */
1: #include "ruby.h"
2: 
3: /*top*/
4: int main(void) {return 0;}
5: extern int t(void);
6: int t(void) { void ((*volatile p)()); p = (void ((*)()))PQsetClientEncoding; return 0; }
/* end */

"/usr/bin/clang -o conftest -I/Users/dceballos/.rvm/rubies/ruby-2.0.0-p0/include/ruby-2.0.0/x86_64-darwin12.4.0 -I/Users/dceballos/.rvm/rubies/ruby-2.0.0-p0/include/ruby-2.0.0/ruby/backward -I/Users/dceballos/.rvm/rubies/ruby-2.0.0-p0/include/ruby-2.0.0 -I. -I/usr/local/Cellar/postgresql/9.1.3/include -D_XOPEN_SOURCE -D_DARWIN_C_SOURCE -D_DARWIN_UNLIMITED_SELECT -D_REENTRANT -I/usr/local/opt/libyaml/include -I/usr/local/opt/readline/include -I/usr/local/opt/libksba/include -I/usr/local/opt/openssl/include    -O3 -fno-fast-math -ggdb3 -Wall -Wextra -Wno-unused-parameter -Wno-parentheses -Wno-long-long -Wno-missing-field-initializers -Wunused-variable -Wpointer-arith -Wwrite-strings -Wdeclaration-after-statement -Wshorten-64-to-32 -Wimplicit-function-declaration  -fno-common -pipe conftest.c  -L. -L/Users/dceballos/.rvm/rubies/ruby-2.0.0-p0/lib -L/usr/local/Cellar/postgresql/9.1.3/lib -L/usr/local/opt/libyaml/lib -L/usr/local/opt/readline/lib -L/usr/local/opt/libksba/lib -L/usr/local/opt/openssl/lib -L. -fstack-protector -L/usr/local/lib -L/usr/local/opt/libyaml/lib -L/usr/local/opt/readline/lib -L/usr/local/opt/libksba/lib -L/usr/local/opt/openssl/lib  -Wl,-rpath,/usr/local/Cellar/postgresql/9.1.3/lib    -lpq  -lruby.2.0.0 -lpq  -lpthread -ldl -lobjc "
conftest.c:6:15: warning: implicit declaration of function 'PQsetClientEncoding' is invalid in C99 [-Wimplicit-function-declaration]
int t(void) { PQsetClientEncoding(); return 0; }
              ^
1 warning generated.
checked program was:
/* begin */
1: #include "ruby.h"
2: 
3: /*top*/
4: int main(void) {return 0;}
5: extern int t(void);
6: int t(void) { PQsetClientEncoding(); return 0; }
/* end */

--------------------

have_func: checking for PQlibVersion()... -------------------- yes

"/usr/bin/clang -o conftest -I/Users/dceballos/.rvm/rubies/ruby-2.0.0-p0/include/ruby-2.0.0/x86_64-darwin12.4.0 -I/Users/dceballos/.rvm/rubies/ruby-2.0.0-p0/include/ruby-2.0.0/ruby/backward -I/Users/dceballos/.rvm/rubies/ruby-2.0.0-p0/include/ruby-2.0.0 -I. -I/usr/local/Cellar/postgresql/9.1.3/include -D_XOPEN_SOURCE -D_DARWIN_C_SOURCE -D_DARWIN_UNLIMITED_SELECT -D_REENTRANT -I/usr/local/opt/libyaml/include -I/usr/local/opt/readline/include -I/usr/local/opt/libksba/include -I/usr/local/opt/openssl/include    -O3 -fno-fast-math -ggdb3 -Wall -Wextra -Wno-unused-parameter -Wno-parentheses -Wno-long-long -Wno-missing-field-initializers -Wunused-variable -Wpointer-arith -Wwrite-strings -Wdeclaration-after-statement -Wshorten-64-to-32 -Wimplicit-function-declaration  -fno-common -pipe conftest.c  -L. -L/Users/dceballos/.rvm/rubies/ruby-2.0.0-p0/lib -L/usr/local/Cellar/postgresql/9.1.3/lib -L/usr/local/opt/libyaml/lib -L/usr/local/opt/readline/lib -L/usr/local/opt/libksba/lib -L/usr/local/opt/openssl/lib -L. -fstack-protector -L/usr/local/lib -L/usr/local/opt/libyaml/lib -L/usr/local/opt/readline/lib -L/usr/local/opt/libksba/lib -L/usr/local/opt/openssl/lib  -Wl,-rpath,/usr/local/Cellar/postgresql/9.1.3/lib    -lpq  -lruby.2.0.0 -lpq  -lpthread -ldl -lobjc "
conftest.c:6:57: error: use of undeclared identifier 'PQlibVersion'
int t(void) { void ((*volatile p)()); p = (void ((*)()))PQlibVersion; return 0; }
                                                        ^
1 error generated.
checked program was:
/* begin */
1: #include "ruby.h"
2: 
3: /*top*/
4: int main(void) {return 0;}
5: extern int t(void);
6: int t(void) { void ((*volatile p)()); p = (void ((*)()))PQlibVersion; return 0; }
/* end */

"/usr/bin/clang -o conftest -I/Users/dceballos/.rvm/rubies/ruby-2.0.0-p0/include/ruby-2.0.0/x86_64-darwin12.4.0 -I/Users/dceballos/.rvm/rubies/ruby-2.0.0-p0/include/ruby-2.0.0/ruby/backward -I/Users/dceballos/.rvm/rubies/ruby-2.0.0-p0/include/ruby-2.0.0 -I. -I/usr/local/Cellar/postgresql/9.1.3/include -D_XOPEN_SOURCE -D_DARWIN_C_SOURCE -D_DARWIN_UNLIMITED_SELECT -D_REENTRANT -I/usr/local/opt/libyaml/include -I/usr/local/opt/readline/include -I/usr/local/opt/libksba/include -I/usr/local/opt/openssl/include    -O3 -fno-fast-math -ggdb3 -Wall -Wextra -Wno-unused-parameter -Wno-parentheses -Wno-long-long -Wno-missing-field-initializers -Wunused-variable -Wpointer-arith -Wwrite-strings -Wdeclaration-after-statement -Wshorten-64-to-32 -Wimplicit-function-declaration  -fno-common -pipe conftest.c  -L. -L/Users/dceballos/.rvm/rubies/ruby-2.0.0-p0/lib -L/usr/local/Cellar/postgresql/9.1.3/lib -L/usr/local/opt/libyaml/lib -L/usr/local/opt/readline/lib -L/usr/local/opt/libksba/lib -L/usr/local/opt/openssl/lib -L. -fstack-protector -L/usr/local/lib -L/usr/local/opt/libyaml/lib -L/usr/local/opt/readline/lib -L/usr/local/opt/libksba/lib -L/usr/local/opt/openssl/lib  -Wl,-rpath,/usr/local/Cellar/postgresql/9.1.3/lib    -lpq  -lruby.2.0.0 -lpq  -lpthread -ldl -lobjc "
conftest.c:6:15: warning: implicit declaration of function 'PQlibVersion' is invalid in C99 [-Wimplicit-function-declaration]
int t(void) { PQlibVersion(); return 0; }
              ^
1 warning generated.
checked program was:
/* begin */
1: #include "ruby.h"
2: 
3: /*top*/
4: int main(void) {return 0;}
5: extern int t(void);
6: int t(void) { PQlibVersion(); return 0; }
/* end */

--------------------

have_func: checking for PQping()... -------------------- yes

"/usr/bin/clang -o conftest -I/Users/dceballos/.rvm/rubies/ruby-2.0.0-p0/include/ruby-2.0.0/x86_64-darwin12.4.0 -I/Users/dceballos/.rvm/rubies/ruby-2.0.0-p0/include/ruby-2.0.0/ruby/backward -I/Users/dceballos/.rvm/rubies/ruby-2.0.0-p0/include/ruby-2.0.0 -I. -I/usr/local/Cellar/postgresql/9.1.3/include -D_XOPEN_SOURCE -D_DARWIN_C_SOURCE -D_DARWIN_UNLIMITED_SELECT -D_REENTRANT -I/usr/local/opt/libyaml/include -I/usr/local/opt/readline/include -I/usr/local/opt/libksba/include -I/usr/local/opt/openssl/include    -O3 -fno-fast-math -ggdb3 -Wall -Wextra -Wno-unused-parameter -Wno-parentheses -Wno-long-long -Wno-missing-field-initializers -Wunused-variable -Wpointer-arith -Wwrite-strings -Wdeclaration-after-statement -Wshorten-64-to-32 -Wimplicit-function-declaration  -fno-common -pipe conftest.c  -L. -L/Users/dceballos/.rvm/rubies/ruby-2.0.0-p0/lib -L/usr/local/Cellar/postgresql/9.1.3/lib -L/usr/local/opt/libyaml/lib -L/usr/local/opt/readline/lib -L/usr/local/opt/libksba/lib -L/usr/local/opt/openssl/lib -L. -fstack-protector -L/usr/local/lib -L/usr/local/opt/libyaml/lib -L/usr/local/opt/readline/lib -L/usr/local/opt/libksba/lib -L/usr/local/opt/openssl/lib  -Wl,-rpath,/usr/local/Cellar/postgresql/9.1.3/lib    -lpq  -lruby.2.0.0 -lpq  -lpthread -ldl -lobjc "
conftest.c:6:57: error: use of undeclared identifier 'PQping'
int t(void) { void ((*volatile p)()); p = (void ((*)()))PQping; return 0; }
                                                        ^
1 error generated.
checked program was:
/* begin */
1: #include "ruby.h"
2: 
3: /*top*/
4: int main(void) {return 0;}
5: extern int t(void);
6: int t(void) { void ((*volatile p)()); p = (void ((*)()))PQping; return 0; }
/* end */

"/usr/bin/clang -o conftest -I/Users/dceballos/.rvm/rubies/ruby-2.0.0-p0/include/ruby-2.0.0/x86_64-darwin12.4.0 -I/Users/dceballos/.rvm/rubies/ruby-2.0.0-p0/include/ruby-2.0.0/ruby/backward -I/Users/dceballos/.rvm/rubies/ruby-2.0.0-p0/include/ruby-2.0.0 -I. -I/usr/local/Cellar/postgresql/9.1.3/include -D_XOPEN_SOURCE -D_DARWIN_C_SOURCE -D_DARWIN_UNLIMITED_SELECT -D_REENTRANT -I/usr/local/opt/libyaml/include -I/usr/local/opt/readline/include -I/usr/local/opt/libksba/include -I/usr/local/opt/openssl/include    -O3 -fno-fast-math -ggdb3 -Wall -Wextra -Wno-unused-parameter -Wno-parentheses -Wno-long-long -Wno-missing-field-initializers -Wunused-variable -Wpointer-arith -Wwrite-strings -Wdeclaration-after-statement -Wshorten-64-to-32 -Wimplicit-function-declaration  -fno-common -pipe conftest.c  -L. -L/Users/dceballos/.rvm/rubies/ruby-2.0.0-p0/lib -L/usr/local/Cellar/postgresql/9.1.3/lib -L/usr/local/opt/libyaml/lib -L/usr/local/opt/readline/lib -L/usr/local/opt/libksba/lib -L/usr/local/opt/openssl/lib -L. -fstack-protector -L/usr/local/lib -L/usr/local/opt/libyaml/lib -L/usr/local/opt/readline/lib -L/usr/local/opt/libksba/lib -L/usr/local/opt/openssl/lib  -Wl,-rpath,/usr/local/Cellar/postgresql/9.1.3/lib    -lpq  -lruby.2.0.0 -lpq  -lpthread -ldl -lobjc "
conftest.c:6:15: warning: implicit declaration of function 'PQping' is invalid in C99 [-Wimplicit-function-declaration]
int t(void) { PQping(); return 0; }
              ^
1 warning generated.
checked program was:
/* begin */
1: #include "ruby.h"
2: 
3: /*top*/
4: int main(void) {return 0;}
5: extern int t(void);
6: int t(void) { PQping(); return 0; }
/* end */

--------------------

have_func: checking for PQsetSingleRowMode()... -------------------- no

"/usr/bin/clang -o conftest -I/Users/dceballos/.rvm/rubies/ruby-2.0.0-p0/include/ruby-2.0.0/x86_64-darwin12.4.0 -I/Users/dceballos/.rvm/rubies/ruby-2.0.0-p0/include/ruby-2.0.0/ruby/backward -I/Users/dceballos/.rvm/rubies/ruby-2.0.0-p0/include/ruby-2.0.0 -I. -I/usr/local/Cellar/postgresql/9.1.3/include -D_XOPEN_SOURCE -D_DARWIN_C_SOURCE -D_DARWIN_UNLIMITED_SELECT -D_REENTRANT -I/usr/local/opt/libyaml/include -I/usr/local/opt/readline/include -I/usr/local/opt/libksba/include -I/usr/local/opt/openssl/include    -O3 -fno-fast-math -ggdb3 -Wall -Wextra -Wno-unused-parameter -Wno-parentheses -Wno-long-long -Wno-missing-field-initializers -Wunused-variable -Wpointer-arith -Wwrite-strings -Wdeclaration-after-statement -Wshorten-64-to-32 -Wimplicit-function-declaration  -fno-common -pipe conftest.c  -L. -L/Users/dceballos/.rvm/rubies/ruby-2.0.0-p0/lib -L/usr/local/Cellar/postgresql/9.1.3/lib -L/usr/local/opt/libyaml/lib -L/usr/local/opt/readline/lib -L/usr/local/opt/libksba/lib -L/usr/local/opt/openssl/lib -L. -fstack-protector -L/usr/local/lib -L/usr/local/opt/libyaml/lib -L/usr/local/opt/readline/lib -L/usr/local/opt/libksba/lib -L/usr/local/opt/openssl/lib  -Wl,-rpath,/usr/local/Cellar/postgresql/9.1.3/lib    -lpq  -lruby.2.0.0 -lpq  -lpthread -ldl -lobjc "
conftest.c:6:57: error: use of undeclared identifier 'PQsetSingleRowMode'
int t(void) { void ((*volatile p)()); p = (void ((*)()))PQsetSingleRowMode; return 0; }
                                                        ^
1 error generated.
checked program was:
/* begin */
1: #include "ruby.h"
2: 
3: /*top*/
4: int main(void) {return 0;}
5: extern int t(void);
6: int t(void) { void ((*volatile p)()); p = (void ((*)()))PQsetSingleRowMode; return 0; }
/* end */

"/usr/bin/clang -o conftest -I/Users/dceballos/.rvm/rubies/ruby-2.0.0-p0/include/ruby-2.0.0/x86_64-darwin12.4.0 -I/Users/dceballos/.rvm/rubies/ruby-2.0.0-p0/include/ruby-2.0.0/ruby/backward -I/Users/dceballos/.rvm/rubies/ruby-2.0.0-p0/include/ruby-2.0.0 -I. -I/usr/local/Cellar/postgresql/9.1.3/include -D_XOPEN_SOURCE -D_DARWIN_C_SOURCE -D_DARWIN_UNLIMITED_SELECT -D_REENTRANT -I/usr/local/opt/libyaml/include -I/usr/local/opt/readline/include -I/usr/local/opt/libksba/include -I/usr/local/opt/openssl/include    -O3 -fno-fast-math -ggdb3 -Wall -Wextra -Wno-unused-parameter -Wno-parentheses -Wno-long-long -Wno-missing-field-initializers -Wunused-variable -Wpointer-arith -Wwrite-strings -Wdeclaration-after-statement -Wshorten-64-to-32 -Wimplicit-function-declaration  -fno-common -pipe conftest.c  -L. -L/Users/dceballos/.rvm/rubies/ruby-2.0.0-p0/lib -L/usr/local/Cellar/postgresql/9.1.3/lib -L/usr/local/opt/libyaml/lib -L/usr/local/opt/readline/lib -L/usr/local/opt/libksba/lib -L/usr/local/opt/openssl/lib -L. -fstack-protector -L/usr/local/lib -L/usr/local/opt/libyaml/lib -L/usr/local/opt/readline/lib -L/usr/local/opt/libksba/lib -L/usr/local/opt/openssl/lib  -Wl,-rpath,/usr/local/Cellar/postgresql/9.1.3/lib    -lpq  -lruby.2.0.0 -lpq  -lpthread -ldl -lobjc "
conftest.c:6:15: warning: implicit declaration of function 'PQsetSingleRowMode' is invalid in C99 [-Wimplicit-function-declaration]
int t(void) { PQsetSingleRowMode(); return 0; }
              ^
1 warning generated.
Undefined symbols for architecture x86_64:
  "_PQsetSingleRowMode", referenced from:
      _t in conftest-eVpSee.o
ld: symbol(s) not found for architecture x86_64
clang: error: linker command failed with exit code 1 (use -v to see invocation)
checked program was:
/* begin */
1: #include "ruby.h"
2: 
3: /*top*/
4: int main(void) {return 0;}
5: extern int t(void);
6: int t(void) { PQsetSingleRowMode(); return 0; }
/* end */

--------------------

have_func: checking for rb_encdb_alias()... -------------------- yes

"/usr/bin/clang -o conftest -I/Users/dceballos/.rvm/rubies/ruby-2.0.0-p0/include/ruby-2.0.0/x86_64-darwin12.4.0 -I/Users/dceballos/.rvm/rubies/ruby-2.0.0-p0/include/ruby-2.0.0/ruby/backward -I/Users/dceballos/.rvm/rubies/ruby-2.0.0-p0/include/ruby-2.0.0 -I. -I/usr/local/Cellar/postgresql/9.1.3/include -D_XOPEN_SOURCE -D_DARWIN_C_SOURCE -D_DARWIN_UNLIMITED_SELECT -D_REENTRANT -I/usr/local/opt/libyaml/include -I/usr/local/opt/readline/include -I/usr/local/opt/libksba/include -I/usr/local/opt/openssl/include    -O3 -fno-fast-math -ggdb3 -Wall -Wextra -Wno-unused-parameter -Wno-parentheses -Wno-long-long -Wno-missing-field-initializers -Wunused-variable -Wpointer-arith -Wwrite-strings -Wdeclaration-after-statement -Wshorten-64-to-32 -Wimplicit-function-declaration  -fno-common -pipe conftest.c  -L. -L/Users/dceballos/.rvm/rubies/ruby-2.0.0-p0/lib -L/usr/local/Cellar/postgresql/9.1.3/lib -L/usr/local/opt/libyaml/lib -L/usr/local/opt/readline/lib -L/usr/local/opt/libksba/lib -L/usr/local/opt/openssl/lib -L. -fstack-protector -L/usr/local/lib -L/usr/local/opt/libyaml/lib -L/usr/local/opt/readline/lib -L/usr/local/opt/libksba/lib -L/usr/local/opt/openssl/lib  -Wl,-rpath,/usr/local/Cellar/postgresql/9.1.3/lib    -lpq  -lruby.2.0.0 -lpq  -lpthread -ldl -lobjc "
conftest.c:6:57: error: use of undeclared identifier 'rb_encdb_alias'
int t(void) { void ((*volatile p)()); p = (void ((*)()))rb_encdb_alias; return 0; }
                                                        ^
1 error generated.
checked program was:
/* begin */
1: #include "ruby.h"
2: 
3: /*top*/
4: int main(void) {return 0;}
5: extern int t(void);
6: int t(void) { void ((*volatile p)()); p = (void ((*)()))rb_encdb_alias; return 0; }
/* end */

"/usr/bin/clang -o conftest -I/Users/dceballos/.rvm/rubies/ruby-2.0.0-p0/include/ruby-2.0.0/x86_64-darwin12.4.0 -I/Users/dceballos/.rvm/rubies/ruby-2.0.0-p0/include/ruby-2.0.0/ruby/backward -I/Users/dceballos/.rvm/rubies/ruby-2.0.0-p0/include/ruby-2.0.0 -I. -I/usr/local/Cellar/postgresql/9.1.3/include -D_XOPEN_SOURCE -D_DARWIN_C_SOURCE -D_DARWIN_UNLIMITED_SELECT -D_REENTRANT -I/usr/local/opt/libyaml/include -I/usr/local/opt/readline/include -I/usr/local/opt/libksba/include -I/usr/local/opt/openssl/include    -O3 -fno-fast-math -ggdb3 -Wall -Wextra -Wno-unused-parameter -Wno-parentheses -Wno-long-long -Wno-missing-field-initializers -Wunused-variable -Wpointer-arith -Wwrite-strings -Wdeclaration-after-statement -Wshorten-64-to-32 -Wimplicit-function-declaration  -fno-common -pipe conftest.c  -L. -L/Users/dceballos/.rvm/rubies/ruby-2.0.0-p0/lib -L/usr/local/Cellar/postgresql/9.1.3/lib -L/usr/local/opt/libyaml/lib -L/usr/local/opt/readline/lib -L/usr/local/opt/libksba/lib -L/usr/local/opt/openssl/lib -L. -fstack-protector -L/usr/local/lib -L/usr/local/opt/libyaml/lib -L/usr/local/opt/readline/lib -L/usr/local/opt/libksba/lib -L/usr/local/opt/openssl/lib  -Wl,-rpath,/usr/local/Cellar/postgresql/9.1.3/lib    -lpq  -lruby.2.0.0 -lpq  -lpthread -ldl -lobjc "
conftest.c:6:15: warning: implicit declaration of function 'rb_encdb_alias' is invalid in C99 [-Wimplicit-function-declaration]
int t(void) { rb_encdb_alias(); return 0; }
              ^
1 warning generated.
checked program was:
/* begin */
1: #include "ruby.h"
2: 
3: /*top*/
4: int main(void) {return 0;}
5: extern int t(void);
6: int t(void) { rb_encdb_alias(); return 0; }
/* end */

--------------------

have_func: checking for rb_enc_alias()... -------------------- no

"/usr/bin/clang -o conftest -I/Users/dceballos/.rvm/rubies/ruby-2.0.0-p0/include/ruby-2.0.0/x86_64-darwin12.4.0 -I/Users/dceballos/.rvm/rubies/ruby-2.0.0-p0/include/ruby-2.0.0/ruby/backward -I/Users/dceballos/.rvm/rubies/ruby-2.0.0-p0/include/ruby-2.0.0 -I. -I/usr/local/Cellar/postgresql/9.1.3/include -D_XOPEN_SOURCE -D_DARWIN_C_SOURCE -D_DARWIN_UNLIMITED_SELECT -D_REENTRANT -I/usr/local/opt/libyaml/include -I/usr/local/opt/readline/include -I/usr/local/opt/libksba/include -I/usr/local/opt/openssl/include    -O3 -fno-fast-math -ggdb3 -Wall -Wextra -Wno-unused-parameter -Wno-parentheses -Wno-long-long -Wno-missing-field-initializers -Wunused-variable -Wpointer-arith -Wwrite-strings -Wdeclaration-after-statement -Wshorten-64-to-32 -Wimplicit-function-declaration  -fno-common -pipe conftest.c  -L. -L/Users/dceballos/.rvm/rubies/ruby-2.0.0-p0/lib -L/usr/local/Cellar/postgresql/9.1.3/lib -L/usr/local/opt/libyaml/lib -L/usr/local/opt/readline/lib -L/usr/local/opt/libksba/lib -L/usr/local/opt/openssl/lib -L. -fstack-protector -L/usr/local/lib -L/usr/local/opt/libyaml/lib -L/usr/local/opt/readline/lib -L/usr/local/opt/libksba/lib -L/usr/local/opt/openssl/lib  -Wl,-rpath,/usr/local/Cellar/postgresql/9.1.3/lib    -lpq  -lruby.2.0.0 -lpq  -lpthread -ldl -lobjc "
conftest.c:6:57: error: use of undeclared identifier 'rb_enc_alias'
int t(void) { void ((*volatile p)()); p = (void ((*)()))rb_enc_alias; return 0; }
                                                        ^
1 error generated.
checked program was:
/* begin */
1: #include "ruby.h"
2: 
3: /*top*/
4: int main(void) {return 0;}
5: extern int t(void);
6: int t(void) { void ((*volatile p)()); p = (void ((*)()))rb_enc_alias; return 0; }
/* end */

"/usr/bin/clang -o conftest -I/Users/dceballos/.rvm/rubies/ruby-2.0.0-p0/include/ruby-2.0.0/x86_64-darwin12.4.0 -I/Users/dceballos/.rvm/rubies/ruby-2.0.0-p0/include/ruby-2.0.0/ruby/backward -I/Users/dceballos/.rvm/rubies/ruby-2.0.0-p0/include/ruby-2.0.0 -I. -I/usr/local/Cellar/postgresql/9.1.3/include -D_XOPEN_SOURCE -D_DARWIN_C_SOURCE -D_DARWIN_UNLIMITED_SELECT -D_REENTRANT -I/usr/local/opt/libyaml/include -I/usr/local/opt/readline/include -I/usr/local/opt/libksba/include -I/usr/local/opt/openssl/include    -O3 -fno-fast-math -ggdb3 -Wall -Wextra -Wno-unused-parameter -Wno-parentheses -Wno-long-long -Wno-missing-field-initializers -Wunused-variable -Wpointer-arith -Wwrite-strings -Wdeclaration-after-statement -Wshorten-64-to-32 -Wimplicit-function-declaration  -fno-common -pipe conftest.c  -L. -L/Users/dceballos/.rvm/rubies/ruby-2.0.0-p0/lib -L/usr/local/Cellar/postgresql/9.1.3/lib -L/usr/local/opt/libyaml/lib -L/usr/local/opt/readline/lib -L/usr/local/opt/libksba/lib -L/usr/local/opt/openssl/lib -L. -fstack-protector -L/usr/local/lib -L/usr/local/opt/libyaml/lib -L/usr/local/opt/readline/lib -L/usr/local/opt/libksba/lib -L/usr/local/opt/openssl/lib  -Wl,-rpath,/usr/local/Cellar/postgresql/9.1.3/lib    -lpq  -lruby.2.0.0 -lpq  -lpthread -ldl -lobjc "
conftest.c:6:15: warning: implicit declaration of function 'rb_enc_alias' is invalid in C99 [-Wimplicit-function-declaration]
int t(void) { rb_enc_alias(); return 0; }
              ^
1 warning generated.
Undefined symbols for architecture x86_64:
  "_rb_enc_alias", referenced from:
      _t in conftest-yqu8tR.o
ld: symbol(s) not found for architecture x86_64
clang: error: linker command failed with exit code 1 (use -v to see invocation)
checked program was:
/* begin */
1: #include "ruby.h"
2: 
3: /*top*/
4: int main(void) {return 0;}
5: extern int t(void);
6: int t(void) { rb_enc_alias(); return 0; }
/* end */

--------------------

have_func: checking for rb_thread_call_without_gvl()... -------------------- yes

"/usr/bin/clang -o conftest -I/Users/dceballos/.rvm/rubies/ruby-2.0.0-p0/include/ruby-2.0.0/x86_64-darwin12.4.0 -I/Users/dceballos/.rvm/rubies/ruby-2.0.0-p0/include/ruby-2.0.0/ruby/backward -I/Users/dceballos/.rvm/rubies/ruby-2.0.0-p0/include/ruby-2.0.0 -I. -I/usr/local/Cellar/postgresql/9.1.3/include -D_XOPEN_SOURCE -D_DARWIN_C_SOURCE -D_DARWIN_UNLIMITED_SELECT -D_REENTRANT -I/usr/local/opt/libyaml/include -I/usr/local/opt/readline/include -I/usr/local/opt/libksba/include -I/usr/local/opt/openssl/include    -O3 -fno-fast-math -ggdb3 -Wall -Wextra -Wno-unused-parameter -Wno-parentheses -Wno-long-long -Wno-missing-field-initializers -Wunused-variable -Wpointer-arith -Wwrite-strings -Wdeclaration-after-statement -Wshorten-64-to-32 -Wimplicit-function-declaration  -fno-common -pipe conftest.c  -L. -L/Users/dceballos/.rvm/rubies/ruby-2.0.0-p0/lib -L/usr/local/Cellar/postgresql/9.1.3/lib -L/usr/local/opt/libyaml/lib -L/usr/local/opt/readline/lib -L/usr/local/opt/libksba/lib -L/usr/local/opt/openssl/lib -L. -fstack-protector -L/usr/local/lib -L/usr/local/opt/libyaml/lib -L/usr/local/opt/readline/lib -L/usr/local/opt/libksba/lib -L/usr/local/opt/openssl/lib  -Wl,-rpath,/usr/local/Cellar/postgresql/9.1.3/lib    -lpq  -lruby.2.0.0 -lpq  -lpthread -ldl -lobjc "
conftest.c:6:57: error: use of undeclared identifier 'rb_thread_call_without_gvl'
int t(void) { void ((*volatile p)()); p = (void ((*)()))rb_thread_call_without_gvl; return 0; }
                                                        ^
1 error generated.
checked program was:
/* begin */
1: #include "ruby.h"
2: 
3: /*top*/
4: int main(void) {return 0;}
5: extern int t(void);
6: int t(void) { void ((*volatile p)()); p = (void ((*)()))rb_thread_call_without_gvl; return 0; }
/* end */

"/usr/bin/clang -o conftest -I/Users/dceballos/.rvm/rubies/ruby-2.0.0-p0/include/ruby-2.0.0/x86_64-darwin12.4.0 -I/Users/dceballos/.rvm/rubies/ruby-2.0.0-p0/include/ruby-2.0.0/ruby/backward -I/Users/dceballos/.rvm/rubies/ruby-2.0.0-p0/include/ruby-2.0.0 -I. -I/usr/local/Cellar/postgresql/9.1.3/include -D_XOPEN_SOURCE -D_DARWIN_C_SOURCE -D_DARWIN_UNLIMITED_SELECT -D_REENTRANT -I/usr/local/opt/libyaml/include -I/usr/local/opt/readline/include -I/usr/local/opt/libksba/include -I/usr/local/opt/openssl/include    -O3 -fno-fast-math -ggdb3 -Wall -Wextra -Wno-unused-parameter -Wno-parentheses -Wno-long-long -Wno-missing-field-initializers -Wunused-variable -Wpointer-arith -Wwrite-strings -Wdeclaration-after-statement -Wshorten-64-to-32 -Wimplicit-function-declaration  -fno-common -pipe conftest.c  -L. -L/Users/dceballos/.rvm/rubies/ruby-2.0.0-p0/lib -L/usr/local/Cellar/postgresql/9.1.3/lib -L/usr/local/opt/libyaml/lib -L/usr/local/opt/readline/lib -L/usr/local/opt/libksba/lib -L/usr/local/opt/openssl/lib -L. -fstack-protector -L/usr/local/lib -L/usr/local/opt/libyaml/lib -L/usr/local/opt/readline/lib -L/usr/local/opt/libksba/lib -L/usr/local/opt/openssl/lib  -Wl,-rpath,/usr/local/Cellar/postgresql/9.1.3/lib    -lpq  -lruby.2.0.0 -lpq  -lpthread -ldl -lobjc "
conftest.c:6:15: warning: implicit declaration of function 'rb_thread_call_without_gvl' is invalid in C99 [-Wimplicit-function-declaration]
int t(void) { rb_thread_call_without_gvl(); return 0; }
              ^
1 warning generated.
checked program was:
/* begin */
1: #include "ruby.h"
2: 
3: /*top*/
4: int main(void) {return 0;}
5: extern int t(void);
6: int t(void) { rb_thread_call_without_gvl(); return 0; }
/* end */

--------------------

have_func: checking for rb_thread_call_with_gvl()... -------------------- yes

"/usr/bin/clang -o conftest -I/Users/dceballos/.rvm/rubies/ruby-2.0.0-p0/include/ruby-2.0.0/x86_64-darwin12.4.0 -I/Users/dceballos/.rvm/rubies/ruby-2.0.0-p0/include/ruby-2.0.0/ruby/backward -I/Users/dceballos/.rvm/rubies/ruby-2.0.0-p0/include/ruby-2.0.0 -I. -I/usr/local/Cellar/postgresql/9.1.3/include -D_XOPEN_SOURCE -D_DARWIN_C_SOURCE -D_DARWIN_UNLIMITED_SELECT -D_REENTRANT -I/usr/local/opt/libyaml/include -I/usr/local/opt/readline/include -I/usr/local/opt/libksba/include -I/usr/local/opt/openssl/include    -O3 -fno-fast-math -ggdb3 -Wall -Wextra -Wno-unused-parameter -Wno-parentheses -Wno-long-long -Wno-missing-field-initializers -Wunused-variable -Wpointer-arith -Wwrite-strings -Wdeclaration-after-statement -Wshorten-64-to-32 -Wimplicit-function-declaration  -fno-common -pipe conftest.c  -L. -L/Users/dceballos/.rvm/rubies/ruby-2.0.0-p0/lib -L/usr/local/Cellar/postgresql/9.1.3/lib -L/usr/local/opt/libyaml/lib -L/usr/local/opt/readline/lib -L/usr/local/opt/libksba/lib -L/usr/local/opt/openssl/lib -L. -fstack-protector -L/usr/local/lib -L/usr/local/opt/libyaml/lib -L/usr/local/opt/readline/lib -L/usr/local/opt/libksba/lib -L/usr/local/opt/openssl/lib  -Wl,-rpath,/usr/local/Cellar/postgresql/9.1.3/lib    -lpq  -lruby.2.0.0 -lpq  -lpthread -ldl -lobjc "
conftest.c:6:57: error: use of undeclared identifier 'rb_thread_call_with_gvl'
int t(void) { void ((*volatile p)()); p = (void ((*)()))rb_thread_call_with_gvl; return 0; }
                                                        ^
1 error generated.
checked program was:
/* begin */
1: #include "ruby.h"
2: 
3: /*top*/
4: int main(void) {return 0;}
5: extern int t(void);
6: int t(void) { void ((*volatile p)()); p = (void ((*)()))rb_thread_call_with_gvl; return 0; }
/* end */

"/usr/bin/clang -o conftest -I/Users/dceballos/.rvm/rubies/ruby-2.0.0-p0/include/ruby-2.0.0/x86_64-darwin12.4.0 -I/Users/dceballos/.rvm/rubies/ruby-2.0.0-p0/include/ruby-2.0.0/ruby/backward -I/Users/dceballos/.rvm/rubies/ruby-2.0.0-p0/include/ruby-2.0.0 -I. -I/usr/local/Cellar/postgresql/9.1.3/include -D_XOPEN_SOURCE -D_DARWIN_C_SOURCE -D_DARWIN_UNLIMITED_SELECT -D_REENTRANT -I/usr/local/opt/libyaml/include -I/usr/local/opt/readline/include -I/usr/local/opt/libksba/include -I/usr/local/opt/openssl/include    -O3 -fno-fast-math -ggdb3 -Wall -Wextra -Wno-unused-parameter -Wno-parentheses -Wno-long-long -Wno-missing-field-initializers -Wunused-variable -Wpointer-arith -Wwrite-strings -Wdeclaration-after-statement -Wshorten-64-to-32 -Wimplicit-function-declaration  -fno-common -pipe conftest.c  -L. -L/Users/dceballos/.rvm/rubies/ruby-2.0.0-p0/lib -L/usr/local/Cellar/postgresql/9.1.3/lib -L/usr/local/opt/libyaml/lib -L/usr/local/opt/readline/lib -L/usr/local/opt/libksba/lib -L/usr/local/opt/openssl/lib -L. -fstack-protector -L/usr/local/lib -L/usr/local/opt/libyaml/lib -L/usr/local/opt/readline/lib -L/usr/local/opt/libksba/lib -L/usr/local/opt/openssl/lib  -Wl,-rpath,/usr/local/Cellar/postgresql/9.1.3/lib    -lpq  -lruby.2.0.0 -lpq  -lpthread -ldl -lobjc "
conftest.c:6:15: warning: implicit declaration of function 'rb_thread_call_with_gvl' is invalid in C99 [-Wimplicit-function-declaration]
int t(void) { rb_thread_call_with_gvl(); return 0; }
              ^
1 warning generated.
checked program was:
/* begin */
1: #include "ruby.h"
2: 
3: /*top*/
4: int main(void) {return 0;}
5: extern int t(void);
6: int t(void) { rb_thread_call_with_gvl(); return 0; }
/* end */

--------------------

have_func: checking for rb_thread_fd_select()... -------------------- yes

"/usr/bin/clang -o conftest -I/Users/dceballos/.rvm/rubies/ruby-2.0.0-p0/include/ruby-2.0.0/x86_64-darwin12.4.0 -I/Users/dceballos/.rvm/rubies/ruby-2.0.0-p0/include/ruby-2.0.0/ruby/backward -I/Users/dceballos/.rvm/rubies/ruby-2.0.0-p0/include/ruby-2.0.0 -I. -I/usr/local/Cellar/postgresql/9.1.3/include -D_XOPEN_SOURCE -D_DARWIN_C_SOURCE -D_DARWIN_UNLIMITED_SELECT -D_REENTRANT -I/usr/local/opt/libyaml/include -I/usr/local/opt/readline/include -I/usr/local/opt/libksba/include -I/usr/local/opt/openssl/include    -O3 -fno-fast-math -ggdb3 -Wall -Wextra -Wno-unused-parameter -Wno-parentheses -Wno-long-long -Wno-missing-field-initializers -Wunused-variable -Wpointer-arith -Wwrite-strings -Wdeclaration-after-statement -Wshorten-64-to-32 -Wimplicit-function-declaration  -fno-common -pipe conftest.c  -L. -L/Users/dceballos/.rvm/rubies/ruby-2.0.0-p0/lib -L/usr/local/Cellar/postgresql/9.1.3/lib -L/usr/local/opt/libyaml/lib -L/usr/local/opt/readline/lib -L/usr/local/opt/libksba/lib -L/usr/local/opt/openssl/lib -L. -fstack-protector -L/usr/local/lib -L/usr/local/opt/libyaml/lib -L/usr/local/opt/readline/lib -L/usr/local/opt/libksba/lib -L/usr/local/opt/openssl/lib  -Wl,-rpath,/usr/local/Cellar/postgresql/9.1.3/lib    -lpq  -lruby.2.0.0 -lpq  -lpthread -ldl -lobjc "
checked program was:
/* begin */
1: #include "ruby.h"
2: 
3: /*top*/
4: int main(void) {return 0;}
5: extern int t(void);
6: int t(void) { void ((*volatile p)()); p = (void ((*)()))rb_thread_fd_select; return 0; }
/* end */

--------------------

have_func: checking for rb_w32_wrap_io_handle()... -------------------- no

"/usr/bin/clang -o conftest -I/Users/dceballos/.rvm/rubies/ruby-2.0.0-p0/include/ruby-2.0.0/x86_64-darwin12.4.0 -I/Users/dceballos/.rvm/rubies/ruby-2.0.0-p0/include/ruby-2.0.0/ruby/backward -I/Users/dceballos/.rvm/rubies/ruby-2.0.0-p0/include/ruby-2.0.0 -I. -I/usr/local/Cellar/postgresql/9.1.3/include -D_XOPEN_SOURCE -D_DARWIN_C_SOURCE -D_DARWIN_UNLIMITED_SELECT -D_REENTRANT -I/usr/local/opt/libyaml/include -I/usr/local/opt/readline/include -I/usr/local/opt/libksba/include -I/usr/local/opt/openssl/include    -O3 -fno-fast-math -ggdb3 -Wall -Wextra -Wno-unused-parameter -Wno-parentheses -Wno-long-long -Wno-missing-field-initializers -Wunused-variable -Wpointer-arith -Wwrite-strings -Wdeclaration-after-statement -Wshorten-64-to-32 -Wimplicit-function-declaration  -fno-common -pipe conftest.c  -L. -L/Users/dceballos/.rvm/rubies/ruby-2.0.0-p0/lib -L/usr/local/Cellar/postgresql/9.1.3/lib -L/usr/local/opt/libyaml/lib -L/usr/local/opt/readline/lib -L/usr/local/opt/libksba/lib -L/usr/local/opt/openssl/lib -L. -fstack-protector -L/usr/local/lib -L/usr/local/opt/libyaml/lib -L/usr/local/opt/readline/lib -L/usr/local/opt/libksba/lib -L/usr/local/opt/openssl/lib  -Wl,-rpath,/usr/local/Cellar/postgresql/9.1.3/lib    -lpq  -lruby.2.0.0 -lpq  -lpthread -ldl -lobjc "
conftest.c:6:57: error: use of undeclared identifier 'rb_w32_wrap_io_handle'
int t(void) { void ((*volatile p)()); p = (void ((*)()))rb_w32_wrap_io_handle; return 0; }
                                                        ^
1 error generated.
checked program was:
/* begin */
1: #include "ruby.h"
2: 
3: /*top*/
4: int main(void) {return 0;}
5: extern int t(void);
6: int t(void) { void ((*volatile p)()); p = (void ((*)()))rb_w32_wrap_io_handle; return 0; }
/* end */

"/usr/bin/clang -o conftest -I/Users/dceballos/.rvm/rubies/ruby-2.0.0-p0/include/ruby-2.0.0/x86_64-darwin12.4.0 -I/Users/dceballos/.rvm/rubies/ruby-2.0.0-p0/include/ruby-2.0.0/ruby/backward -I/Users/dceballos/.rvm/rubies/ruby-2.0.0-p0/include/ruby-2.0.0 -I. -I/usr/local/Cellar/postgresql/9.1.3/include -D_XOPEN_SOURCE -D_DARWIN_C_SOURCE -D_DARWIN_UNLIMITED_SELECT -D_REENTRANT -I/usr/local/opt/libyaml/include -I/usr/local/opt/readline/include -I/usr/local/opt/libksba/include -I/usr/local/opt/openssl/include    -O3 -fno-fast-math -ggdb3 -Wall -Wextra -Wno-unused-parameter -Wno-parentheses -Wno-long-long -Wno-missing-field-initializers -Wunused-variable -Wpointer-arith -Wwrite-strings -Wdeclaration-after-statement -Wshorten-64-to-32 -Wimplicit-function-declaration  -fno-common -pipe conftest.c  -L. -L/Users/dceballos/.rvm/rubies/ruby-2.0.0-p0/lib -L/usr/local/Cellar/postgresql/9.1.3/lib -L/usr/local/opt/libyaml/lib -L/usr/local/opt/readline/lib -L/usr/local/opt/libksba/lib -L/usr/local/opt/openssl/lib -L. -fstack-protector -L/usr/local/lib -L/usr/local/opt/libyaml/lib -L/usr/local/opt/readline/lib -L/usr/local/opt/libksba/lib -L/usr/local/opt/openssl/lib  -Wl,-rpath,/usr/local/Cellar/postgresql/9.1.3/lib    -lpq  -lruby.2.0.0 -lpq  -lpthread -ldl -lobjc "
conftest.c:6:15: warning: implicit declaration of function 'rb_w32_wrap_io_handle' is invalid in C99 [-Wimplicit-function-declaration]
int t(void) { rb_w32_wrap_io_handle(); return 0; }
              ^
1 warning generated.
Undefined symbols for architecture x86_64:
  "_rb_w32_wrap_io_handle", referenced from:
      _t in conftest-1bC3j2.o
ld: symbol(s) not found for architecture x86_64
clang: error: linker command failed with exit code 1 (use -v to see invocation)
checked program was:
/* begin */
1: #include "ruby.h"
2: 
3: /*top*/
4: int main(void) {return 0;}
5: extern int t(void);
6: int t(void) { rb_w32_wrap_io_handle(); return 0; }
/* end */

--------------------

have_const: checking for PGRES_COPY_BOTH in libpq-fe.h... -------------------- yes

"/usr/bin/clang -I/Users/dceballos/.rvm/rubies/ruby-2.0.0-p0/include/ruby-2.0.0/x86_64-darwin12.4.0 -I/Users/dceballos/.rvm/rubies/ruby-2.0.0-p0/include/ruby-2.0.0/ruby/backward -I/Users/dceballos/.rvm/rubies/ruby-2.0.0-p0/include/ruby-2.0.0 -I. -I/usr/local/Cellar/postgresql/9.1.3/include -D_XOPEN_SOURCE -D_DARWIN_C_SOURCE -D_DARWIN_UNLIMITED_SELECT -D_REENTRANT -I/usr/local/opt/libyaml/include -I/usr/local/opt/readline/include -I/usr/local/opt/libksba/include -I/usr/local/opt/openssl/include    -O3 -fno-fast-math -ggdb3 -Wall -Wextra -Wno-unused-parameter -Wno-parentheses -Wno-long-long -Wno-missing-field-initializers -Wunused-variable -Wpointer-arith -Wwrite-strings -Wdeclaration-after-statement -Wshorten-64-to-32 -Wimplicit-function-declaration  -fno-common -pipe   -c conftest.c"
checked program was:
/* begin */
1: #include "ruby.h"
2: 
3: #include <libpq-fe.h>
4: 
5: /*top*/
6: typedef int conftest_type;
7: conftest_type conftestval = (int)PGRES_COPY_BOTH;
/* end */

--------------------

have_const: checking for PGRES_SINGLE_TUPLE in libpq-fe.h... -------------------- no

"/usr/bin/clang -I/Users/dceballos/.rvm/rubies/ruby-2.0.0-p0/include/ruby-2.0.0/x86_64-darwin12.4.0 -I/Users/dceballos/.rvm/rubies/ruby-2.0.0-p0/include/ruby-2.0.0/ruby/backward -I/Users/dceballos/.rvm/rubies/ruby-2.0.0-p0/include/ruby-2.0.0 -I. -I/usr/local/Cellar/postgresql/9.1.3/include -D_XOPEN_SOURCE -D_DARWIN_C_SOURCE -D_DARWIN_UNLIMITED_SELECT -D_REENTRANT -I/usr/local/opt/libyaml/include -I/usr/local/opt/readline/include -I/usr/local/opt/libksba/include -I/usr/local/opt/openssl/include    -O3 -fno-fast-math -ggdb3 -Wall -Wextra -Wno-unused-parameter -Wno-parentheses -Wno-long-long -Wno-missing-field-initializers -Wunused-variable -Wpointer-arith -Wwrite-strings -Wdeclaration-after-statement -Wshorten-64-to-32 -Wimplicit-function-declaration  -fno-common -pipe   -c conftest.c"
conftest.c:7:34: error: use of undeclared identifier 'PGRES_SINGLE_TUPLE'
conftest_type conftestval = (int)PGRES_SINGLE_TUPLE;
                                 ^
1 error generated.
checked program was:
/* begin */
1: #include "ruby.h"
2: 
3: #include <libpq-fe.h>
4: 
5: /*top*/
6: typedef int conftest_type;
7: conftest_type conftestval = (int)PGRES_SINGLE_TUPLE;
/* end */

--------------------

have_const: checking for PG_DIAG_TABLE_NAME in libpq-fe.h... -------------------- no

"/usr/bin/clang -I/Users/dceballos/.rvm/rubies/ruby-2.0.0-p0/include/ruby-2.0.0/x86_64-darwin12.4.0 -I/Users/dceballos/.rvm/rubies/ruby-2.0.0-p0/include/ruby-2.0.0/ruby/backward -I/Users/dceballos/.rvm/rubies/ruby-2.0.0-p0/include/ruby-2.0.0 -I. -I/usr/local/Cellar/postgresql/9.1.3/include -D_XOPEN_SOURCE -D_DARWIN_C_SOURCE -D_DARWIN_UNLIMITED_SELECT -D_REENTRANT -I/usr/local/opt/libyaml/include -I/usr/local/opt/readline/include -I/usr/local/opt/libksba/include -I/usr/local/opt/openssl/include    -O3 -fno-fast-math -ggdb3 -Wall -Wextra -Wno-unused-parameter -Wno-parentheses -Wno-long-long -Wno-missing-field-initializers -Wunused-variable -Wpointer-arith -Wwrite-strings -Wdeclaration-after-statement -Wshorten-64-to-32 -Wimplicit-function-declaration  -fno-common -pipe   -c conftest.c"
conftest.c:7:34: error: use of undeclared identifier 'PG_DIAG_TABLE_NAME'
conftest_type conftestval = (int)PG_DIAG_TABLE_NAME;
                                 ^
1 error generated.
checked program was:
/* begin */
1: #include "ruby.h"
2: 
3: #include <libpq-fe.h>
4: 
5: /*top*/
6: typedef int conftest_type;
7: conftest_type conftestval = (int)PG_DIAG_TABLE_NAME;
/* end */

--------------------

have_struct_member: checking for struct pgNotify.extra in libpq-fe.h... -------------------- yes

"/usr/bin/clang -I/Users/dceballos/.rvm/rubies/ruby-2.0.0-p0/include/ruby-2.0.0/x86_64-darwin12.4.0 -I/Users/dceballos/.rvm/rubies/ruby-2.0.0-p0/include/ruby-2.0.0/ruby/backward -I/Users/dceballos/.rvm/rubies/ruby-2.0.0-p0/include/ruby-2.0.0 -I. -I/usr/local/Cellar/postgresql/9.1.3/include -D_XOPEN_SOURCE -D_DARWIN_C_SOURCE -D_DARWIN_UNLIMITED_SELECT -D_REENTRANT -I/usr/local/opt/libyaml/include -I/usr/local/opt/readline/include -I/usr/local/opt/libksba/include -I/usr/local/opt/openssl/include    -O3 -fno-fast-math -ggdb3 -Wall -Wextra -Wno-unused-parameter -Wno-parentheses -Wno-long-long -Wno-missing-field-initializers -Wunused-variable -Wpointer-arith -Wwrite-strings -Wdeclaration-after-statement -Wshorten-64-to-32 -Wimplicit-function-declaration  -fno-common -pipe   -c conftest.c"
checked program was:
/* begin */
1: #include "ruby.h"
2: 
3: #include <libpq-fe.h>
4: 
5: /*top*/
6: int main(void) {return 0;}
7: int s = (char *)&((struct pgNotify*)0)->extra - (char *)0;
/* end */

--------------------

have_header: checking for unistd.h... -------------------- yes

"/usr/bin/clang -E -I/Users/dceballos/.rvm/rubies/ruby-2.0.0-p0/include/ruby-2.0.0/x86_64-darwin12.4.0 -I/Users/dceballos/.rvm/rubies/ruby-2.0.0-p0/include/ruby-2.0.0/ruby/backward -I/Users/dceballos/.rvm/rubies/ruby-2.0.0-p0/include/ruby-2.0.0 -I. -I/usr/local/Cellar/postgresql/9.1.3/include -D_XOPEN_SOURCE -D_DARWIN_C_SOURCE -D_DARWIN_UNLIMITED_SELECT -D_REENTRANT -I/usr/local/opt/libyaml/include -I/usr/local/opt/readline/include -I/usr/local/opt/libksba/include -I/usr/local/opt/openssl/include    -O3 -fno-fast-math -ggdb3 -Wall -Wextra -Wno-unused-parameter -Wno-parentheses -Wno-long-long -Wno-missing-field-initializers -Wunused-variable -Wpointer-arith -Wwrite-strings -Wdeclaration-after-statement -Wshorten-64-to-32 -Wimplicit-function-declaration  -fno-common -pipe  conftest.c -o conftest.i"
checked program was:
/* begin */
1: #include "ruby.h"
2: 
3: #include <unistd.h>
/* end */

--------------------

have_header: checking for ruby/st.h... -------------------- yes

"/usr/bin/clang -E -I/Users/dceballos/.rvm/rubies/ruby-2.0.0-p0/include/ruby-2.0.0/x86_64-darwin12.4.0 -I/Users/dceballos/.rvm/rubies/ruby-2.0.0-p0/include/ruby-2.0.0/ruby/backward -I/Users/dceballos/.rvm/rubies/ruby-2.0.0-p0/include/ruby-2.0.0 -I. -I/usr/local/Cellar/postgresql/9.1.3/include -D_XOPEN_SOURCE -D_DARWIN_C_SOURCE -D_DARWIN_UNLIMITED_SELECT -D_REENTRANT -I/usr/local/opt/libyaml/include -I/usr/local/opt/readline/include -I/usr/local/opt/libksba/include -I/usr/local/opt/openssl/include    -O3 -fno-fast-math -ggdb3 -Wall -Wextra -Wno-unused-parameter -Wno-parentheses -Wno-long-long -Wno-missing-field-initializers -Wunused-variable -Wpointer-arith -Wwrite-strings -Wdeclaration-after-statement -Wshorten-64-to-32 -Wimplicit-function-declaration  -fno-common -pipe  conftest.c -o conftest.i"
checked program was:
/* begin */
1: #include "ruby.h"
2: 
3: #include <ruby/st.h>
/* end */

--------------------

extconf.h is:
/* begin */
 1: #ifndef EXTCONF_H
 2: #define EXTCONF_H
 3: #define HAVE_PQCONNECTIONUSEDPASSWORD 1
 4: #define HAVE_PQISTHREADSAFE 1
 5: #define HAVE_PQPREPARE 1
 6: #define HAVE_PQEXECPARAMS 1
 7: #define HAVE_PQESCAPESTRING 1
 8: #define HAVE_PQESCAPESTRINGCONN 1
 9: #define HAVE_PQESCAPELITERAL 1
10: #define HAVE_PQESCAPEIDENTIFIER 1
11: #define HAVE_PQGETCANCEL 1
12: #define HAVE_LO_CREATE 1
13: #define HAVE_PG_ENCODING_TO_CHAR 1
14: #define HAVE_PG_CHAR_TO_ENCODING 1
15: #define HAVE_PQSETCLIENTENCODING 1
16: #define HAVE_PQLIBVERSION 1
17: #define HAVE_PQPING 1
18: #define HAVE_RB_ENCDB_ALIAS 1
19: #define HAVE_RB_THREAD_CALL_WITHOUT_GVL 1
20: #define HAVE_RB_THREAD_CALL_WITH_GVL 1
21: #define HAVE_RB_THREAD_FD_SELECT 1
22: #define HAVE_CONST_PGRES_COPY_BOTH 1
23: #define HAVE_STRUCT_PGNOTIFY_EXTRA 1
24: #define HAVE_ST_EXTRA 1
25: #define HAVE_ST_NOTIFY_EXTRA 1
26: #define HAVE_UNISTD_H 1
27: #define HAVE_RUBY_ST_H 1
28: #endif
/* end */

